2021-06-10 11:59:30,781 INFO org.springframework.boot.StartupInfoLogger [restartedMain] Starting AppSecurity1Application using Java 15.0.1 on LAPTOP-54FPNG7V with PID 33688 (C:\Spring-Security\spring-poc-git-repo\spring-boot-poc\app-security1\target\classes started by amitk in C:\Spring-Security\spring-poc-git-repo\spring-boot-poc\app-security1)
2021-06-10 11:59:30,788 DEBUG org.springframework.boot.StartupInfoLogger [restartedMain] Running with Spring Boot v2.5.0, Spring v5.3.7
2021-06-10 11:59:30,788 INFO org.springframework.boot.SpringApplication [restartedMain] No active profile set, falling back to default profiles: default
2021-06-10 11:59:30,888 INFO org.springframework.boot.logging.DeferredLog [restartedMain] Devtools property defaults active! Set 'spring.devtools.add-properties' to 'false' to disable
2021-06-10 11:59:30,890 INFO org.springframework.boot.logging.DeferredLog [restartedMain] For additional web related logging consider setting the 'logging.level.web' property to 'DEBUG'
2021-06-10 11:59:32,201 INFO org.springframework.data.repository.config.RepositoryConfigurationDelegate [restartedMain] Bootstrapping Spring Data JPA repositories in DEFAULT mode.
2021-06-10 11:59:32,352 INFO org.springframework.data.repository.config.RepositoryConfigurationDelegate [restartedMain] Finished Spring Data repository scanning in 133 ms. Found 2 JPA repository interfaces.
2021-06-10 11:59:35,623 INFO org.springframework.boot.web.embedded.tomcat.TomcatWebServer [restartedMain] Tomcat initialized with port(s): 8083 (http)
2021-06-10 11:59:35,643 INFO org.apache.juli.logging.DirectJDKLog [restartedMain] Initializing ProtocolHandler ["http-nio-8083"]
2021-06-10 11:59:35,644 INFO org.apache.juli.logging.DirectJDKLog [restartedMain] Starting service [Tomcat]
2021-06-10 11:59:35,645 INFO org.apache.juli.logging.DirectJDKLog [restartedMain] Starting Servlet engine: [Apache Tomcat/9.0.46]
2021-06-10 11:59:35,815 INFO org.apache.juli.logging.DirectJDKLog [restartedMain] Initializing Spring embedded WebApplicationContext
2021-06-10 11:59:35,817 INFO org.springframework.boot.web.servlet.context.ServletWebServerApplicationContext [restartedMain] Root WebApplicationContext: initialization completed in 4926 ms
2021-06-10 11:59:36,223 INFO org.hibernate.jpa.internal.util.LogHelper [restartedMain] HHH000204: Processing PersistenceUnitInfo [name: default]
2021-06-10 11:59:36,334 INFO org.hibernate.Version [restartedMain] HHH000412: Hibernate ORM core version 5.4.31.Final
2021-06-10 11:59:36,537 INFO org.hibernate.annotations.common.reflection.java.JavaReflectionManager [restartedMain] HCANN000001: Hibernate Commons Annotations {5.1.2.Final}
2021-06-10 11:59:36,694 INFO com.zaxxer.hikari.HikariDataSource [restartedMain] HikariPool-1 - Starting...
2021-06-10 11:59:37,001 INFO com.zaxxer.hikari.HikariDataSource [restartedMain] HikariPool-1 - Start completed.
2021-06-10 11:59:37,059 INFO org.hibernate.dialect.Dialect [restartedMain] HHH000400: Using dialect: org.hibernate.dialect.PostgreSQLDialect
2021-06-10 11:59:38,350 INFO org.hibernate.engine.transaction.jta.platform.internal.JtaPlatformInitiator [restartedMain] HHH000490: Using JtaPlatform implementation: [org.hibernate.engine.transaction.jta.platform.internal.NoJtaPlatform]
2021-06-10 11:59:38,360 INFO org.springframework.orm.jpa.AbstractEntityManagerFactoryBean [restartedMain] Initialized JPA EntityManagerFactory for persistence unit 'default'
2021-06-10 11:59:38,990 INFO com.security.appsecurity1.advice.LoggingAdvice [restartedMain] Arguments of :: AppContextConfig.restTemplate :: []
2021-06-10 11:59:39,030 INFO com.security.appsecurity1.advice.LoggingAdvice [restartedMain] Execution time of AppContextConfig.restTemplate :: 39 ms
2021-06-10 11:59:39,183 WARN org.springframework.boot.autoconfigure.orm.jpa.JpaBaseConfiguration$JpaWebConfiguration [restartedMain] spring.jpa.open-in-view is enabled by default. Therefore, database queries may be performed during view rendering. Explicitly configure spring.jpa.open-in-view to disable this warning
2021-06-10 11:59:40,100 INFO org.springframework.boot.devtools.autoconfigure.OptionalLiveReloadServer [restartedMain] LiveReload server is running on port 35729
2021-06-10 11:59:40,117 INFO org.apache.juli.logging.DirectJDKLog [restartedMain] Starting ProtocolHandler ["http-nio-8083"]
2021-06-10 11:59:40,157 INFO org.springframework.boot.web.embedded.tomcat.TomcatWebServer [restartedMain] Tomcat started on port(s): 8083 (http) with context path ''
2021-06-10 11:59:40,173 INFO org.springframework.boot.StartupInfoLogger [restartedMain] Started AppSecurity1Application in 10.113 seconds (JVM running for 11.037)
2021-06-10 11:59:40,176 INFO org.springframework.boot.availability.ApplicationAvailabilityBean [restartedMain] Application availability state LivenessState changed to CORRECT
2021-06-10 11:59:40,181 INFO org.springframework.boot.availability.ApplicationAvailabilityBean [restartedMain] Application availability state ReadinessState changed to ACCEPTING_TRAFFIC
2021-06-10 12:03:43,408 INFO org.springframework.boot.availability.ApplicationAvailabilityBean [Thread-6] Application availability state ReadinessState changed from ACCEPTING_TRAFFIC to REFUSING_TRAFFIC
2021-06-10 12:03:43,469 INFO org.springframework.orm.jpa.AbstractEntityManagerFactoryBean [Thread-6] Closing JPA EntityManagerFactory for persistence unit 'default'
2021-06-10 12:03:43,474 INFO com.zaxxer.hikari.HikariDataSource [Thread-6] HikariPool-1 - Shutdown initiated...
2021-06-10 12:03:43,488 INFO com.zaxxer.hikari.HikariDataSource [Thread-6] HikariPool-1 - Shutdown completed.
2021-06-10 12:03:43,683 INFO org.springframework.boot.StartupInfoLogger [restartedMain] Starting AppSecurity1Application using Java 15.0.1 on LAPTOP-54FPNG7V with PID 33688 (C:\Spring-Security\spring-poc-git-repo\spring-boot-poc\app-security1\target\classes started by amitk in C:\Spring-Security\spring-poc-git-repo\spring-boot-poc\app-security1)
2021-06-10 12:03:43,684 DEBUG org.springframework.boot.StartupInfoLogger [restartedMain] Running with Spring Boot v2.5.0, Spring v5.3.7
2021-06-10 12:03:43,685 INFO org.springframework.boot.SpringApplication [restartedMain] No active profile set, falling back to default profiles: default
2021-06-10 12:03:44,218 INFO org.springframework.data.repository.config.RepositoryConfigurationDelegate [restartedMain] Bootstrapping Spring Data JPA repositories in DEFAULT mode.
2021-06-10 12:03:44,252 INFO org.springframework.data.repository.config.RepositoryConfigurationDelegate [restartedMain] Finished Spring Data repository scanning in 31 ms. Found 2 JPA repository interfaces.
2021-06-10 12:03:44,502 INFO org.springframework.boot.web.embedded.tomcat.TomcatWebServer [restartedMain] Tomcat initialized with port(s): 8083 (http)
2021-06-10 12:03:44,503 INFO org.apache.juli.logging.DirectJDKLog [restartedMain] Initializing ProtocolHandler ["http-nio-8083"]
2021-06-10 12:03:44,504 INFO org.apache.juli.logging.DirectJDKLog [restartedMain] Starting service [Tomcat]
2021-06-10 12:03:44,505 INFO org.apache.juli.logging.DirectJDKLog [restartedMain] Starting Servlet engine: [Apache Tomcat/9.0.46]
2021-06-10 12:03:44,554 INFO org.apache.juli.logging.DirectJDKLog [restartedMain] Initializing Spring embedded WebApplicationContext
2021-06-10 12:03:44,555 INFO org.springframework.boot.web.servlet.context.ServletWebServerApplicationContext [restartedMain] Root WebApplicationContext: initialization completed in 825 ms
2021-06-10 12:03:44,643 INFO org.hibernate.jpa.internal.util.LogHelper [restartedMain] HHH000204: Processing PersistenceUnitInfo [name: default]
2021-06-10 12:03:44,650 INFO com.zaxxer.hikari.HikariDataSource [restartedMain] HikariPool-2 - Starting...
2021-06-10 12:03:44,739 INFO com.zaxxer.hikari.HikariDataSource [restartedMain] HikariPool-2 - Start completed.
2021-06-10 12:03:44,739 INFO org.hibernate.dialect.Dialect [restartedMain] HHH000400: Using dialect: org.hibernate.dialect.PostgreSQLDialect
2021-06-10 12:03:45,025 INFO org.hibernate.engine.transaction.jta.platform.internal.JtaPlatformInitiator [restartedMain] HHH000490: Using JtaPlatform implementation: [org.hibernate.engine.transaction.jta.platform.internal.NoJtaPlatform]
2021-06-10 12:03:45,026 INFO org.springframework.orm.jpa.AbstractEntityManagerFactoryBean [restartedMain] Initialized JPA EntityManagerFactory for persistence unit 'default'
2021-06-10 12:03:45,315 INFO com.security.appsecurity1.advice.LoggingAdvice [restartedMain] Arguments of :: AppContextConfig.restTemplate :: []
2021-06-10 12:03:45,327 INFO com.security.appsecurity1.advice.LoggingAdvice [restartedMain] Execution time of AppContextConfig.restTemplate :: 11 ms
2021-06-10 12:03:45,449 WARN org.springframework.boot.autoconfigure.orm.jpa.JpaBaseConfiguration$JpaWebConfiguration [restartedMain] spring.jpa.open-in-view is enabled by default. Therefore, database queries may be performed during view rendering. Explicitly configure spring.jpa.open-in-view to disable this warning
2021-06-10 12:03:45,883 INFO org.springframework.boot.devtools.autoconfigure.OptionalLiveReloadServer [restartedMain] LiveReload server is running on port 35729
2021-06-10 12:03:45,891 INFO org.apache.juli.logging.DirectJDKLog [restartedMain] Starting ProtocolHandler ["http-nio-8083"]
2021-06-10 12:03:45,897 INFO org.springframework.boot.web.embedded.tomcat.TomcatWebServer [restartedMain] Tomcat started on port(s): 8083 (http) with context path ''
2021-06-10 12:03:45,902 INFO org.springframework.boot.StartupInfoLogger [restartedMain] Started AppSecurity1Application in 2.338 seconds (JVM running for 256.766)
2021-06-10 12:03:45,903 INFO org.springframework.boot.availability.ApplicationAvailabilityBean [restartedMain] Application availability state LivenessState changed to CORRECT
2021-06-10 12:03:45,905 INFO org.springframework.boot.devtools.autoconfigure.ConditionEvaluationDeltaLoggingListener [restartedMain] Condition evaluation unchanged
2021-06-10 12:03:45,906 INFO org.springframework.boot.availability.ApplicationAvailabilityBean [restartedMain] Application availability state ReadinessState changed to ACCEPTING_TRAFFIC
2021-06-10 12:05:49,955 INFO org.springframework.boot.availability.ApplicationAvailabilityBean [Thread-9] Application availability state ReadinessState changed from ACCEPTING_TRAFFIC to REFUSING_TRAFFIC
2021-06-10 12:05:49,999 INFO org.springframework.orm.jpa.AbstractEntityManagerFactoryBean [Thread-9] Closing JPA EntityManagerFactory for persistence unit 'default'
2021-06-10 12:05:50,000 INFO com.zaxxer.hikari.HikariDataSource [Thread-9] HikariPool-2 - Shutdown initiated...
2021-06-10 12:05:50,015 INFO com.zaxxer.hikari.HikariDataSource [Thread-9] HikariPool-2 - Shutdown completed.
2021-06-10 12:05:50,217 INFO org.springframework.boot.StartupInfoLogger [restartedMain] Starting AppSecurity1Application using Java 15.0.1 on LAPTOP-54FPNG7V with PID 33688 (C:\Spring-Security\spring-poc-git-repo\spring-boot-poc\app-security1\target\classes started by amitk in C:\Spring-Security\spring-poc-git-repo\spring-boot-poc\app-security1)
2021-06-10 12:05:50,219 DEBUG org.springframework.boot.StartupInfoLogger [restartedMain] Running with Spring Boot v2.5.0, Spring v5.3.7
2021-06-10 12:05:50,220 INFO org.springframework.boot.SpringApplication [restartedMain] No active profile set, falling back to default profiles: default
2021-06-10 12:05:50,534 INFO org.springframework.data.repository.config.RepositoryConfigurationDelegate [restartedMain] Bootstrapping Spring Data JPA repositories in DEFAULT mode.
2021-06-10 12:05:50,552 INFO org.springframework.data.repository.config.RepositoryConfigurationDelegate [restartedMain] Finished Spring Data repository scanning in 17 ms. Found 2 JPA repository interfaces.
2021-06-10 12:05:50,727 INFO org.springframework.boot.web.embedded.tomcat.TomcatWebServer [restartedMain] Tomcat initialized with port(s): 8083 (http)
2021-06-10 12:05:50,728 INFO org.apache.juli.logging.DirectJDKLog [restartedMain] Initializing ProtocolHandler ["http-nio-8083"]
2021-06-10 12:05:50,729 INFO org.apache.juli.logging.DirectJDKLog [restartedMain] Starting service [Tomcat]
2021-06-10 12:05:50,729 INFO org.apache.juli.logging.DirectJDKLog [restartedMain] Starting Servlet engine: [Apache Tomcat/9.0.46]
2021-06-10 12:05:50,756 INFO org.apache.juli.logging.DirectJDKLog [restartedMain] Initializing Spring embedded WebApplicationContext
2021-06-10 12:05:50,756 INFO org.springframework.boot.web.servlet.context.ServletWebServerApplicationContext [restartedMain] Root WebApplicationContext: initialization completed in 533 ms
2021-06-10 12:05:50,826 INFO org.hibernate.jpa.internal.util.LogHelper [restartedMain] HHH000204: Processing PersistenceUnitInfo [name: default]
2021-06-10 12:05:50,852 INFO com.zaxxer.hikari.HikariDataSource [restartedMain] HikariPool-3 - Starting...
2021-06-10 12:05:50,962 INFO com.zaxxer.hikari.HikariDataSource [restartedMain] HikariPool-3 - Start completed.
2021-06-10 12:05:50,963 INFO org.hibernate.dialect.Dialect [restartedMain] HHH000400: Using dialect: org.hibernate.dialect.PostgreSQLDialect
2021-06-10 12:05:51,248 INFO org.hibernate.engine.transaction.jta.platform.internal.JtaPlatformInitiator [restartedMain] HHH000490: Using JtaPlatform implementation: [org.hibernate.engine.transaction.jta.platform.internal.NoJtaPlatform]
2021-06-10 12:05:51,249 INFO org.springframework.orm.jpa.AbstractEntityManagerFactoryBean [restartedMain] Initialized JPA EntityManagerFactory for persistence unit 'default'
2021-06-10 12:05:51,490 INFO com.security.appsecurity1.advice.LoggingAdvice [restartedMain] Arguments of :: AppContextConfig.restTemplate :: []
2021-06-10 12:05:51,504 INFO com.security.appsecurity1.advice.LoggingAdvice [restartedMain] Execution time of AppContextConfig.restTemplate :: 13 ms
2021-06-10 12:05:51,622 WARN org.springframework.boot.autoconfigure.orm.jpa.JpaBaseConfiguration$JpaWebConfiguration [restartedMain] spring.jpa.open-in-view is enabled by default. Therefore, database queries may be performed during view rendering. Explicitly configure spring.jpa.open-in-view to disable this warning
2021-06-10 12:05:52,066 INFO org.springframework.boot.devtools.autoconfigure.OptionalLiveReloadServer [restartedMain] LiveReload server is running on port 35729
2021-06-10 12:05:52,072 INFO org.apache.juli.logging.DirectJDKLog [restartedMain] Starting ProtocolHandler ["http-nio-8083"]
2021-06-10 12:05:52,076 INFO org.springframework.boot.web.embedded.tomcat.TomcatWebServer [restartedMain] Tomcat started on port(s): 8083 (http) with context path ''
2021-06-10 12:05:52,080 INFO org.springframework.boot.StartupInfoLogger [restartedMain] Started AppSecurity1Application in 1.978 seconds (JVM running for 382.944)
2021-06-10 12:05:52,081 INFO org.springframework.boot.availability.ApplicationAvailabilityBean [restartedMain] Application availability state LivenessState changed to CORRECT
2021-06-10 12:05:52,082 INFO org.springframework.boot.devtools.autoconfigure.ConditionEvaluationDeltaLoggingListener [restartedMain] Condition evaluation unchanged
2021-06-10 12:05:52,083 INFO org.springframework.boot.availability.ApplicationAvailabilityBean [restartedMain] Application availability state ReadinessState changed to ACCEPTING_TRAFFIC
2021-06-10 12:07:03,923 INFO org.apache.juli.logging.DirectJDKLog [http-nio-8083-exec-1] Initializing Spring DispatcherServlet 'dispatcherServlet'
2021-06-10 12:07:03,924 INFO org.springframework.web.servlet.FrameworkServlet [http-nio-8083-exec-1] Initializing Servlet 'dispatcherServlet'
2021-06-10 12:07:03,927 INFO org.springframework.web.servlet.FrameworkServlet [http-nio-8083-exec-1] Completed initialization in 2 ms
2021-06-10 12:07:03,982 INFO com.security.appsecurity1.advice.LoggingAdvice [http-nio-8083-exec-1] Arguments of :: EmployeeController.getAllEmployees :: []
2021-06-10 12:07:03,993 INFO com.security.appsecurity1.advice.LoggingAdvice [http-nio-8083-exec-1] Arguments of :: EmployeeServiceImpl.getAllEmployees :: []
2021-06-10 12:07:05,442 INFO com.security.appsecurity1.advice.LoggingAdvice [http-nio-8083-exec-1] Execution time of EmployeeServiceImpl.getAllEmployees :: 1447 ms
2021-06-10 12:07:05,443 INFO com.security.appsecurity1.advice.LoggingAdvice [http-nio-8083-exec-1] Execution time of EmployeeController.getAllEmployees :: 1460 ms
2021-06-10 12:07:48,897 INFO org.springframework.boot.availability.ApplicationAvailabilityBean [Thread-14] Application availability state ReadinessState changed from ACCEPTING_TRAFFIC to REFUSING_TRAFFIC
2021-06-10 12:07:48,934 INFO org.springframework.orm.jpa.AbstractEntityManagerFactoryBean [Thread-14] Closing JPA EntityManagerFactory for persistence unit 'default'
2021-06-10 12:07:48,937 INFO com.zaxxer.hikari.HikariDataSource [Thread-14] HikariPool-3 - Shutdown initiated...
2021-06-10 12:07:48,946 INFO com.zaxxer.hikari.HikariDataSource [Thread-14] HikariPool-3 - Shutdown completed.
2021-06-10 12:07:49,110 INFO org.springframework.boot.StartupInfoLogger [restartedMain] Starting AppSecurity1Application using Java 15.0.1 on LAPTOP-54FPNG7V with PID 33688 (C:\Spring-Security\spring-poc-git-repo\spring-boot-poc\app-security1\target\classes started by amitk in C:\Spring-Security\spring-poc-git-repo\spring-boot-poc\app-security1)
2021-06-10 12:07:49,111 DEBUG org.springframework.boot.StartupInfoLogger [restartedMain] Running with Spring Boot v2.5.0, Spring v5.3.7
2021-06-10 12:07:49,111 INFO org.springframework.boot.SpringApplication [restartedMain] No active profile set, falling back to default profiles: default
2021-06-10 12:07:49,569 INFO org.springframework.data.repository.config.RepositoryConfigurationDelegate [restartedMain] Bootstrapping Spring Data JPA repositories in DEFAULT mode.
2021-06-10 12:07:49,605 INFO org.springframework.data.repository.config.RepositoryConfigurationDelegate [restartedMain] Finished Spring Data repository scanning in 33 ms. Found 2 JPA repository interfaces.
2021-06-10 12:07:49,856 INFO org.springframework.boot.web.embedded.tomcat.TomcatWebServer [restartedMain] Tomcat initialized with port(s): 8083 (http)
2021-06-10 12:07:49,857 INFO org.apache.juli.logging.DirectJDKLog [restartedMain] Initializing ProtocolHandler ["http-nio-8083"]
2021-06-10 12:07:49,858 INFO org.apache.juli.logging.DirectJDKLog [restartedMain] Starting service [Tomcat]
2021-06-10 12:07:49,858 INFO org.apache.juli.logging.DirectJDKLog [restartedMain] Starting Servlet engine: [Apache Tomcat/9.0.46]
2021-06-10 12:07:49,915 INFO org.apache.juli.logging.DirectJDKLog [restartedMain] Initializing Spring embedded WebApplicationContext
2021-06-10 12:07:49,916 INFO org.springframework.boot.web.servlet.context.ServletWebServerApplicationContext [restartedMain] Root WebApplicationContext: initialization completed in 800 ms
2021-06-10 12:07:49,988 INFO org.hibernate.jpa.internal.util.LogHelper [restartedMain] HHH000204: Processing PersistenceUnitInfo [name: default]
2021-06-10 12:07:49,996 INFO com.zaxxer.hikari.HikariDataSource [restartedMain] HikariPool-4 - Starting...
2021-06-10 12:07:50,069 INFO com.zaxxer.hikari.HikariDataSource [restartedMain] HikariPool-4 - Start completed.
2021-06-10 12:07:50,070 INFO org.hibernate.dialect.Dialect [restartedMain] HHH000400: Using dialect: org.hibernate.dialect.PostgreSQLDialect
2021-06-10 12:07:50,393 INFO org.hibernate.engine.transaction.jta.platform.internal.JtaPlatformInitiator [restartedMain] HHH000490: Using JtaPlatform implementation: [org.hibernate.engine.transaction.jta.platform.internal.NoJtaPlatform]
2021-06-10 12:07:50,395 INFO org.springframework.orm.jpa.AbstractEntityManagerFactoryBean [restartedMain] Initialized JPA EntityManagerFactory for persistence unit 'default'
2021-06-10 12:07:50,660 INFO com.security.appsecurity1.advice.LoggingAdvice [restartedMain] Arguments of :: AppContextConfig.restTemplate :: []
2021-06-10 12:07:50,673 INFO com.security.appsecurity1.advice.LoggingAdvice [restartedMain] Execution time of AppContextConfig.restTemplate :: 11 ms
2021-06-10 12:07:50,773 WARN org.springframework.boot.autoconfigure.orm.jpa.JpaBaseConfiguration$JpaWebConfiguration [restartedMain] spring.jpa.open-in-view is enabled by default. Therefore, database queries may be performed during view rendering. Explicitly configure spring.jpa.open-in-view to disable this warning
2021-06-10 12:07:51,243 INFO org.springframework.boot.devtools.autoconfigure.OptionalLiveReloadServer [restartedMain] LiveReload server is running on port 35729
2021-06-10 12:07:51,251 INFO org.apache.juli.logging.DirectJDKLog [restartedMain] Starting ProtocolHandler ["http-nio-8083"]
2021-06-10 12:07:51,260 INFO org.springframework.boot.web.embedded.tomcat.TomcatWebServer [restartedMain] Tomcat started on port(s): 8083 (http) with context path ''
2021-06-10 12:07:51,264 INFO org.springframework.boot.StartupInfoLogger [restartedMain] Started AppSecurity1Application in 2.258 seconds (JVM running for 502.128)
2021-06-10 12:07:51,265 INFO org.springframework.boot.availability.ApplicationAvailabilityBean [restartedMain] Application availability state LivenessState changed to CORRECT
2021-06-10 12:07:51,267 INFO org.springframework.boot.devtools.autoconfigure.ConditionEvaluationDeltaLoggingListener [restartedMain] Condition evaluation unchanged
2021-06-10 12:07:51,268 INFO org.springframework.boot.availability.ApplicationAvailabilityBean [restartedMain] Application availability state ReadinessState changed to ACCEPTING_TRAFFIC
2021-06-10 12:07:55,476 INFO org.apache.juli.logging.DirectJDKLog [http-nio-8083-exec-1] Initializing Spring DispatcherServlet 'dispatcherServlet'
2021-06-10 12:07:55,477 INFO org.springframework.web.servlet.FrameworkServlet [http-nio-8083-exec-1] Initializing Servlet 'dispatcherServlet'
2021-06-10 12:07:55,479 INFO org.springframework.web.servlet.FrameworkServlet [http-nio-8083-exec-1] Completed initialization in 2 ms
2021-06-10 12:07:55,485 INFO com.security.appsecurity1.advice.LoggingAdvice [http-nio-8083-exec-1] Arguments of :: EmployeeController.getAllEmployees :: []
2021-06-10 12:07:55,491 INFO com.security.appsecurity1.advice.LoggingAdvice [http-nio-8083-exec-1] Arguments of :: EmployeeServiceImpl.getAllEmployees :: []
2021-06-10 12:07:55,601 ERROR org.apache.juli.logging.DirectJDKLog [http-nio-8083-exec-1] Servlet.service() for servlet [dispatcherServlet] in context with path [] threw exception [Request processing failed; nested exception is org.springframework.web.client.HttpServerErrorException$InternalServerError: 500 : [{"timestamp":"2021-06-10T06:37:55.548+00:00","status":500,"error":"Internal Server Error","trace":"java.lang.IllegalArgumentException: source cannot be null\r\n\tat org.modelmapper.internal.util.Asser... (5484 bytes)]] with root cause
org.springframework.web.client.HttpServerErrorException$InternalServerError: 500 : [{"timestamp":"2021-06-10T06:37:55.548+00:00","status":500,"error":"Internal Server Error","trace":"java.lang.IllegalArgumentException: source cannot be null\r\n\tat org.modelmapper.internal.util.Asser... (5484 bytes)]
	at org.springframework.web.client.HttpServerErrorException.create(HttpServerErrorException.java:100)
	at org.springframework.web.client.DefaultResponseErrorHandler.handleError(DefaultResponseErrorHandler.java:188)
	at org.springframework.web.client.DefaultResponseErrorHandler.handleError(DefaultResponseErrorHandler.java:125)
	at org.springframework.web.client.ResponseErrorHandler.handleError(ResponseErrorHandler.java:63)
	at org.springframework.web.client.RestTemplate.handleResponse(RestTemplate.java:819)
	at org.springframework.web.client.RestTemplate.doExecute(RestTemplate.java:777)
	at org.springframework.web.client.RestTemplate.execute(RestTemplate.java:711)
	at org.springframework.web.client.RestTemplate.getForObject(RestTemplate.java:334)
	at com.security.appsecurity1.service.EmployeeServiceImpl.getAllEmployees(EmployeeServiceImpl.java:32)
	at com.security.appsecurity1.service.EmployeeServiceImpl$$FastClassBySpringCGLIB$$a322a4d1.invoke(<generated>)
	at org.springframework.cglib.proxy.MethodProxy.invoke(MethodProxy.java:218)
	at org.springframework.aop.framework.CglibAopProxy$CglibMethodInvocation.invokeJoinpoint(CglibAopProxy.java:779)
	at org.springframework.aop.framework.ReflectiveMethodInvocation.proceed(ReflectiveMethodInvocation.java:163)
	at org.springframework.aop.framework.CglibAopProxy$CglibMethodInvocation.proceed(CglibAopProxy.java:750)
	at org.springframework.aop.aspectj.MethodInvocationProceedingJoinPoint.proceed(MethodInvocationProceedingJoinPoint.java:89)
	at com.security.appsecurity1.advice.LoggingAdvice.profileAllMethods(LoggingAdvice.java:37)
	at java.base/jdk.internal.reflect.NativeMethodAccessorImpl.invoke0(Native Method)
	at java.base/jdk.internal.reflect.NativeMethodAccessorImpl.invoke(NativeMethodAccessorImpl.java:64)
	at java.base/jdk.internal.reflect.DelegatingMethodAccessorImpl.invoke(DelegatingMethodAccessorImpl.java:43)
	at java.base/java.lang.reflect.Method.invoke(Method.java:564)
	at org.springframework.aop.aspectj.AbstractAspectJAdvice.invokeAdviceMethodWithGivenArgs(AbstractAspectJAdvice.java:634)
	at org.springframework.aop.aspectj.AbstractAspectJAdvice.invokeAdviceMethod(AbstractAspectJAdvice.java:624)
	at org.springframework.aop.aspectj.AspectJAroundAdvice.invoke(AspectJAroundAdvice.java:72)
	at org.springframework.aop.framework.ReflectiveMethodInvocation.proceed(ReflectiveMethodInvocation.java:186)
	at org.springframework.aop.framework.CglibAopProxy$CglibMethodInvocation.proceed(CglibAopProxy.java:750)
	at org.springframework.aop.interceptor.ExposeInvocationInterceptor.invoke(ExposeInvocationInterceptor.java:97)
	at org.springframework.aop.framework.ReflectiveMethodInvocation.proceed(ReflectiveMethodInvocation.java:186)
	at org.springframework.aop.framework.CglibAopProxy$CglibMethodInvocation.proceed(CglibAopProxy.java:750)
	at org.springframework.aop.framework.CglibAopProxy$DynamicAdvisedInterceptor.intercept(CglibAopProxy.java:692)
	at com.security.appsecurity1.service.EmployeeServiceImpl$$EnhancerBySpringCGLIB$$decc93d.getAllEmployees(<generated>)
	at com.security.appsecurity1.controller.EmployeeController.getAllEmployees(EmployeeController.java:35)
	at com.security.appsecurity1.controller.EmployeeController$$FastClassBySpringCGLIB$$b726869f.invoke(<generated>)
	at org.springframework.cglib.proxy.MethodProxy.invoke(MethodProxy.java:218)
	at org.springframework.aop.framework.CglibAopProxy$CglibMethodInvocation.invokeJoinpoint(CglibAopProxy.java:779)
	at org.springframework.aop.framework.ReflectiveMethodInvocation.proceed(ReflectiveMethodInvocation.java:163)
	at org.springframework.aop.framework.CglibAopProxy$CglibMethodInvocation.proceed(CglibAopProxy.java:750)
	at org.springframework.aop.aspectj.MethodInvocationProceedingJoinPoint.proceed(MethodInvocationProceedingJoinPoint.java:89)
	at com.security.appsecurity1.advice.LoggingAdvice.profileAllMethods(LoggingAdvice.java:37)
	at java.base/jdk.internal.reflect.NativeMethodAccessorImpl.invoke0(Native Method)
	at java.base/jdk.internal.reflect.NativeMethodAccessorImpl.invoke(NativeMethodAccessorImpl.java:64)
	at java.base/jdk.internal.reflect.DelegatingMethodAccessorImpl.invoke(DelegatingMethodAccessorImpl.java:43)
	at java.base/java.lang.reflect.Method.invoke(Method.java:564)
	at org.springframework.aop.aspectj.AbstractAspectJAdvice.invokeAdviceMethodWithGivenArgs(AbstractAspectJAdvice.java:634)
	at org.springframework.aop.aspectj.AbstractAspectJAdvice.invokeAdviceMethod(AbstractAspectJAdvice.java:624)
	at org.springframework.aop.aspectj.AspectJAroundAdvice.invoke(AspectJAroundAdvice.java:72)
	at org.springframework.aop.framework.ReflectiveMethodInvocation.proceed(ReflectiveMethodInvocation.java:186)
	at org.springframework.aop.framework.CglibAopProxy$CglibMethodInvocation.proceed(CglibAopProxy.java:750)
	at org.springframework.aop.interceptor.ExposeInvocationInterceptor.invoke(ExposeInvocationInterceptor.java:97)
	at org.springframework.aop.framework.ReflectiveMethodInvocation.proceed(ReflectiveMethodInvocation.java:186)
	at org.springframework.aop.framework.CglibAopProxy$CglibMethodInvocation.proceed(CglibAopProxy.java:750)
	at org.springframework.aop.framework.CglibAopProxy$DynamicAdvisedInterceptor.intercept(CglibAopProxy.java:692)
	at com.security.appsecurity1.controller.EmployeeController$$EnhancerBySpringCGLIB$$de14ff67.getAllEmployees(<generated>)
	at java.base/jdk.internal.reflect.NativeMethodAccessorImpl.invoke0(Native Method)
	at java.base/jdk.internal.reflect.NativeMethodAccessorImpl.invoke(NativeMethodAccessorImpl.java:64)
	at java.base/jdk.internal.reflect.DelegatingMethodAccessorImpl.invoke(DelegatingMethodAccessorImpl.java:43)
	at java.base/java.lang.reflect.Method.invoke(Method.java:564)
	at org.springframework.web.method.support.InvocableHandlerMethod.doInvoke(InvocableHandlerMethod.java:197)
	at org.springframework.web.method.support.InvocableHandlerMethod.invokeForRequest(InvocableHandlerMethod.java:141)
	at org.springframework.web.servlet.mvc.method.annotation.ServletInvocableHandlerMethod.invokeAndHandle(ServletInvocableHandlerMethod.java:106)
	at org.springframework.web.servlet.mvc.method.annotation.RequestMappingHandlerAdapter.invokeHandlerMethod(RequestMappingHandlerAdapter.java:894)
	at org.springframework.web.servlet.mvc.method.annotation.RequestMappingHandlerAdapter.handleInternal(RequestMappingHandlerAdapter.java:808)
	at org.springframework.web.servlet.mvc.method.AbstractHandlerMethodAdapter.handle(AbstractHandlerMethodAdapter.java:87)
	at org.springframework.web.servlet.DispatcherServlet.doDispatch(DispatcherServlet.java:1063)
	at org.springframework.web.servlet.DispatcherServlet.doService(DispatcherServlet.java:963)
	at org.springframework.web.servlet.FrameworkServlet.processRequest(FrameworkServlet.java:1006)
	at org.springframework.web.servlet.FrameworkServlet.doGet(FrameworkServlet.java:898)
	at javax.servlet.http.HttpServlet.service(HttpServlet.java:626)
	at org.springframework.web.servlet.FrameworkServlet.service(FrameworkServlet.java:883)
	at javax.servlet.http.HttpServlet.service(HttpServlet.java:733)
	at org.apache.catalina.core.ApplicationFilterChain.internalDoFilter(ApplicationFilterChain.java:227)
	at org.apache.catalina.core.ApplicationFilterChain.doFilter(ApplicationFilterChain.java:162)
	at org.apache.tomcat.websocket.server.WsFilter.doFilter(WsFilter.java:53)
	at org.apache.catalina.core.ApplicationFilterChain.internalDoFilter(ApplicationFilterChain.java:189)
	at org.apache.catalina.core.ApplicationFilterChain.doFilter(ApplicationFilterChain.java:162)
	at org.springframework.web.filter.RequestContextFilter.doFilterInternal(RequestContextFilter.java:100)
	at org.springframework.web.filter.OncePerRequestFilter.doFilter(OncePerRequestFilter.java:119)
	at org.apache.catalina.core.ApplicationFilterChain.internalDoFilter(ApplicationFilterChain.java:189)
	at org.apache.catalina.core.ApplicationFilterChain.doFilter(ApplicationFilterChain.java:162)
	at org.springframework.web.filter.FormContentFilter.doFilterInternal(FormContentFilter.java:93)
	at org.springframework.web.filter.OncePerRequestFilter.doFilter(OncePerRequestFilter.java:119)
	at org.apache.catalina.core.ApplicationFilterChain.internalDoFilter(ApplicationFilterChain.java:189)
	at org.apache.catalina.core.ApplicationFilterChain.doFilter(ApplicationFilterChain.java:162)
	at org.springframework.web.filter.CharacterEncodingFilter.doFilterInternal(CharacterEncodingFilter.java:201)
	at org.springframework.web.filter.OncePerRequestFilter.doFilter(OncePerRequestFilter.java:119)
	at org.apache.catalina.core.ApplicationFilterChain.internalDoFilter(ApplicationFilterChain.java:189)
	at org.apache.catalina.core.ApplicationFilterChain.doFilter(ApplicationFilterChain.java:162)
	at org.apache.catalina.core.StandardWrapperValve.invoke(StandardWrapperValve.java:202)
	at org.apache.catalina.core.StandardContextValve.invoke(StandardContextValve.java:97)
	at org.apache.catalina.authenticator.AuthenticatorBase.invoke(AuthenticatorBase.java:542)
	at org.apache.catalina.core.StandardHostValve.invoke(StandardHostValve.java:143)
	at org.apache.catalina.valves.ErrorReportValve.invoke(ErrorReportValve.java:92)
	at org.apache.catalina.core.StandardEngineValve.invoke(StandardEngineValve.java:78)
	at org.apache.catalina.connector.CoyoteAdapter.service(CoyoteAdapter.java:357)
	at org.apache.coyote.http11.Http11Processor.service(Http11Processor.java:374)
	at org.apache.coyote.AbstractProcessorLight.process(AbstractProcessorLight.java:65)
	at org.apache.coyote.AbstractProtocol$ConnectionHandler.process(AbstractProtocol.java:893)
	at org.apache.tomcat.util.net.NioEndpoint$SocketProcessor.doRun(NioEndpoint.java:1707)
	at org.apache.tomcat.util.net.SocketProcessorBase.run(SocketProcessorBase.java:49)
	at java.base/java.util.concurrent.ThreadPoolExecutor.runWorker(ThreadPoolExecutor.java:1130)
	at java.base/java.util.concurrent.ThreadPoolExecutor$Worker.run(ThreadPoolExecutor.java:630)
	at org.apache.tomcat.util.threads.TaskThread$WrappingRunnable.run(TaskThread.java:61)
	at java.base/java.lang.Thread.run(Thread.java:832)
2021-06-10 12:08:45,213 INFO org.springframework.boot.availability.ApplicationAvailabilityBean [Thread-19] Application availability state ReadinessState changed from ACCEPTING_TRAFFIC to REFUSING_TRAFFIC
2021-06-10 12:08:45,242 INFO org.springframework.orm.jpa.AbstractEntityManagerFactoryBean [Thread-19] Closing JPA EntityManagerFactory for persistence unit 'default'
2021-06-10 12:08:45,242 INFO com.zaxxer.hikari.HikariDataSource [Thread-19] HikariPool-4 - Shutdown initiated...
2021-06-10 12:08:45,249 INFO com.zaxxer.hikari.HikariDataSource [Thread-19] HikariPool-4 - Shutdown completed.
2021-06-10 12:08:45,398 INFO org.springframework.boot.StartupInfoLogger [restartedMain] Starting AppSecurity1Application using Java 15.0.1 on LAPTOP-54FPNG7V with PID 33688 (C:\Spring-Security\spring-poc-git-repo\spring-boot-poc\app-security1\target\classes started by amitk in C:\Spring-Security\spring-poc-git-repo\spring-boot-poc\app-security1)
2021-06-10 12:08:45,399 DEBUG org.springframework.boot.StartupInfoLogger [restartedMain] Running with Spring Boot v2.5.0, Spring v5.3.7
2021-06-10 12:08:45,399 INFO org.springframework.boot.SpringApplication [restartedMain] No active profile set, falling back to default profiles: default
2021-06-10 12:08:45,670 INFO org.springframework.data.repository.config.RepositoryConfigurationDelegate [restartedMain] Bootstrapping Spring Data JPA repositories in DEFAULT mode.
2021-06-10 12:08:45,697 INFO org.springframework.data.repository.config.RepositoryConfigurationDelegate [restartedMain] Finished Spring Data repository scanning in 26 ms. Found 2 JPA repository interfaces.
2021-06-10 12:08:45,847 INFO org.springframework.boot.web.embedded.tomcat.TomcatWebServer [restartedMain] Tomcat initialized with port(s): 8083 (http)
2021-06-10 12:08:45,849 INFO org.apache.juli.logging.DirectJDKLog [restartedMain] Initializing ProtocolHandler ["http-nio-8083"]
2021-06-10 12:08:45,849 INFO org.apache.juli.logging.DirectJDKLog [restartedMain] Starting service [Tomcat]
2021-06-10 12:08:45,850 INFO org.apache.juli.logging.DirectJDKLog [restartedMain] Starting Servlet engine: [Apache Tomcat/9.0.46]
2021-06-10 12:08:45,880 INFO org.apache.juli.logging.DirectJDKLog [restartedMain] Initializing Spring embedded WebApplicationContext
2021-06-10 12:08:45,880 INFO org.springframework.boot.web.servlet.context.ServletWebServerApplicationContext [restartedMain] Root WebApplicationContext: initialization completed in 475 ms
2021-06-10 12:08:45,930 INFO org.hibernate.jpa.internal.util.LogHelper [restartedMain] HHH000204: Processing PersistenceUnitInfo [name: default]
2021-06-10 12:08:45,937 INFO com.zaxxer.hikari.HikariDataSource [restartedMain] HikariPool-5 - Starting...
2021-06-10 12:08:45,992 INFO com.zaxxer.hikari.HikariDataSource [restartedMain] HikariPool-5 - Start completed.
2021-06-10 12:08:45,993 INFO org.hibernate.dialect.Dialect [restartedMain] HHH000400: Using dialect: org.hibernate.dialect.PostgreSQLDialect
2021-06-10 12:08:46,223 INFO org.hibernate.engine.transaction.jta.platform.internal.JtaPlatformInitiator [restartedMain] HHH000490: Using JtaPlatform implementation: [org.hibernate.engine.transaction.jta.platform.internal.NoJtaPlatform]
2021-06-10 12:08:46,224 INFO org.springframework.orm.jpa.AbstractEntityManagerFactoryBean [restartedMain] Initialized JPA EntityManagerFactory for persistence unit 'default'
2021-06-10 12:08:46,393 INFO com.security.appsecurity1.advice.LoggingAdvice [restartedMain] Arguments of :: AppContextConfig.restTemplate :: []
2021-06-10 12:08:46,409 INFO com.security.appsecurity1.advice.LoggingAdvice [restartedMain] Execution time of AppContextConfig.restTemplate :: 14 ms
2021-06-10 12:08:46,490 WARN org.springframework.boot.autoconfigure.orm.jpa.JpaBaseConfiguration$JpaWebConfiguration [restartedMain] spring.jpa.open-in-view is enabled by default. Therefore, database queries may be performed during view rendering. Explicitly configure spring.jpa.open-in-view to disable this warning
2021-06-10 12:08:46,808 INFO org.springframework.boot.devtools.autoconfigure.OptionalLiveReloadServer [restartedMain] LiveReload server is running on port 35729
2021-06-10 12:08:46,819 INFO org.apache.juli.logging.DirectJDKLog [restartedMain] Starting ProtocolHandler ["http-nio-8083"]
2021-06-10 12:08:46,824 INFO org.springframework.boot.web.embedded.tomcat.TomcatWebServer [restartedMain] Tomcat started on port(s): 8083 (http) with context path ''
2021-06-10 12:08:46,829 INFO org.springframework.boot.StartupInfoLogger [restartedMain] Started AppSecurity1Application in 1.522 seconds (JVM running for 557.692)
2021-06-10 12:08:46,830 INFO org.springframework.boot.availability.ApplicationAvailabilityBean [restartedMain] Application availability state LivenessState changed to CORRECT
2021-06-10 12:08:46,832 INFO org.springframework.boot.devtools.autoconfigure.ConditionEvaluationDeltaLoggingListener [restartedMain] Condition evaluation unchanged
2021-06-10 12:08:46,832 INFO org.springframework.boot.availability.ApplicationAvailabilityBean [restartedMain] Application availability state ReadinessState changed to ACCEPTING_TRAFFIC
2021-06-10 12:08:50,578 INFO org.apache.juli.logging.DirectJDKLog [http-nio-8083-exec-1] Initializing Spring DispatcherServlet 'dispatcherServlet'
2021-06-10 12:08:50,578 INFO org.springframework.web.servlet.FrameworkServlet [http-nio-8083-exec-1] Initializing Servlet 'dispatcherServlet'
2021-06-10 12:08:50,580 INFO org.springframework.web.servlet.FrameworkServlet [http-nio-8083-exec-1] Completed initialization in 2 ms
2021-06-10 12:08:50,582 INFO com.security.appsecurity1.advice.LoggingAdvice [http-nio-8083-exec-1] Arguments of :: EmployeeController.getAllEmployees :: []
2021-06-10 12:08:50,588 INFO com.security.appsecurity1.advice.LoggingAdvice [http-nio-8083-exec-1] Arguments of :: EmployeeServiceImpl.getAllEmployees :: []
2021-06-10 12:08:50,645 INFO com.security.appsecurity1.advice.LoggingAdvice [http-nio-8083-exec-1] Execution time of EmployeeServiceImpl.getAllEmployees :: 56 ms
2021-06-10 12:08:50,645 INFO com.security.appsecurity1.advice.LoggingAdvice [http-nio-8083-exec-1] Execution time of EmployeeController.getAllEmployees :: 62 ms
2021-06-10 12:12:02,018 INFO org.springframework.boot.availability.ApplicationAvailabilityBean [Thread-24] Application availability state ReadinessState changed from ACCEPTING_TRAFFIC to REFUSING_TRAFFIC
2021-06-10 12:12:02,048 INFO org.springframework.orm.jpa.AbstractEntityManagerFactoryBean [Thread-24] Closing JPA EntityManagerFactory for persistence unit 'default'
2021-06-10 12:12:02,050 INFO com.zaxxer.hikari.HikariDataSource [Thread-24] HikariPool-5 - Shutdown initiated...
2021-06-10 12:12:02,060 INFO com.zaxxer.hikari.HikariDataSource [Thread-24] HikariPool-5 - Shutdown completed.
2021-06-10 12:12:02,443 INFO org.springframework.boot.StartupInfoLogger [restartedMain] Starting AppSecurity1Application using Java 15.0.1 on LAPTOP-54FPNG7V with PID 33688 (C:\Spring-Security\spring-poc-git-repo\spring-boot-poc\app-security1\target\classes started by amitk in C:\Spring-Security\spring-poc-git-repo\spring-boot-poc\app-security1)
2021-06-10 12:12:02,445 DEBUG org.springframework.boot.StartupInfoLogger [restartedMain] Running with Spring Boot v2.5.0, Spring v5.3.7
2021-06-10 12:12:02,446 INFO org.springframework.boot.SpringApplication [restartedMain] No active profile set, falling back to default profiles: default
2021-06-10 12:12:02,823 INFO org.springframework.data.repository.config.RepositoryConfigurationDelegate [restartedMain] Bootstrapping Spring Data JPA repositories in DEFAULT mode.
2021-06-10 12:12:02,841 INFO org.springframework.data.repository.config.RepositoryConfigurationDelegate [restartedMain] Finished Spring Data repository scanning in 17 ms. Found 2 JPA repository interfaces.
2021-06-10 12:12:02,968 INFO org.springframework.boot.web.embedded.tomcat.TomcatWebServer [restartedMain] Tomcat initialized with port(s): 8083 (http)
2021-06-10 12:12:02,969 INFO org.apache.juli.logging.DirectJDKLog [restartedMain] Initializing ProtocolHandler ["http-nio-8083"]
2021-06-10 12:12:02,970 INFO org.apache.juli.logging.DirectJDKLog [restartedMain] Starting service [Tomcat]
2021-06-10 12:12:02,970 INFO org.apache.juli.logging.DirectJDKLog [restartedMain] Starting Servlet engine: [Apache Tomcat/9.0.46]
2021-06-10 12:12:02,992 INFO org.apache.juli.logging.DirectJDKLog [restartedMain] Initializing Spring embedded WebApplicationContext
2021-06-10 12:12:02,992 INFO org.springframework.boot.web.servlet.context.ServletWebServerApplicationContext [restartedMain] Root WebApplicationContext: initialization completed in 541 ms
2021-06-10 12:12:03,042 INFO org.hibernate.jpa.internal.util.LogHelper [restartedMain] HHH000204: Processing PersistenceUnitInfo [name: default]
2021-06-10 12:12:03,048 INFO com.zaxxer.hikari.HikariDataSource [restartedMain] HikariPool-6 - Starting...
2021-06-10 12:12:03,101 INFO com.zaxxer.hikari.HikariDataSource [restartedMain] HikariPool-6 - Start completed.
2021-06-10 12:12:03,102 INFO org.hibernate.dialect.Dialect [restartedMain] HHH000400: Using dialect: org.hibernate.dialect.PostgreSQLDialect
2021-06-10 12:12:03,358 INFO org.hibernate.engine.transaction.jta.platform.internal.JtaPlatformInitiator [restartedMain] HHH000490: Using JtaPlatform implementation: [org.hibernate.engine.transaction.jta.platform.internal.NoJtaPlatform]
2021-06-10 12:12:03,359 INFO org.springframework.orm.jpa.AbstractEntityManagerFactoryBean [restartedMain] Initialized JPA EntityManagerFactory for persistence unit 'default'
2021-06-10 12:12:03,502 INFO com.security.appsecurity1.advice.LoggingAdvice [restartedMain] Arguments of :: AppContextConfig.restTemplate :: []
2021-06-10 12:12:03,513 INFO com.security.appsecurity1.advice.LoggingAdvice [restartedMain] Execution time of AppContextConfig.restTemplate :: 10 ms
2021-06-10 12:12:03,569 WARN org.springframework.boot.autoconfigure.orm.jpa.JpaBaseConfiguration$JpaWebConfiguration [restartedMain] spring.jpa.open-in-view is enabled by default. Therefore, database queries may be performed during view rendering. Explicitly configure spring.jpa.open-in-view to disable this warning
2021-06-10 12:12:03,863 INFO org.springframework.boot.devtools.autoconfigure.OptionalLiveReloadServer [restartedMain] LiveReload server is running on port 35729
2021-06-10 12:12:03,869 INFO org.apache.juli.logging.DirectJDKLog [restartedMain] Starting ProtocolHandler ["http-nio-8083"]
2021-06-10 12:12:03,873 INFO org.springframework.boot.web.embedded.tomcat.TomcatWebServer [restartedMain] Tomcat started on port(s): 8083 (http) with context path ''
2021-06-10 12:12:03,877 INFO org.springframework.boot.StartupInfoLogger [restartedMain] Started AppSecurity1Application in 1.692 seconds (JVM running for 754.742)
2021-06-10 12:12:03,878 INFO org.springframework.boot.availability.ApplicationAvailabilityBean [restartedMain] Application availability state LivenessState changed to CORRECT
2021-06-10 12:12:03,879 INFO org.springframework.boot.devtools.autoconfigure.ConditionEvaluationDeltaLoggingListener [restartedMain] Condition evaluation unchanged
2021-06-10 12:12:03,879 INFO org.springframework.boot.availability.ApplicationAvailabilityBean [restartedMain] Application availability state ReadinessState changed to ACCEPTING_TRAFFIC
2021-06-10 12:15:58,190 INFO org.springframework.boot.availability.ApplicationAvailabilityBean [Thread-29] Application availability state ReadinessState changed from ACCEPTING_TRAFFIC to REFUSING_TRAFFIC
2021-06-10 12:15:58,218 INFO org.springframework.orm.jpa.AbstractEntityManagerFactoryBean [Thread-29] Closing JPA EntityManagerFactory for persistence unit 'default'
2021-06-10 12:15:58,219 INFO com.zaxxer.hikari.HikariDataSource [Thread-29] HikariPool-6 - Shutdown initiated...
2021-06-10 12:15:58,226 INFO com.zaxxer.hikari.HikariDataSource [Thread-29] HikariPool-6 - Shutdown completed.
2021-06-10 12:15:58,334 INFO org.springframework.boot.StartupInfoLogger [restartedMain] Starting AppSecurity1Application using Java 15.0.1 on LAPTOP-54FPNG7V with PID 33688 (C:\Spring-Security\spring-poc-git-repo\spring-boot-poc\app-security1\target\classes started by amitk in C:\Spring-Security\spring-poc-git-repo\spring-boot-poc\app-security1)
2021-06-10 12:15:58,334 DEBUG org.springframework.boot.StartupInfoLogger [restartedMain] Running with Spring Boot v2.5.0, Spring v5.3.7
2021-06-10 12:15:58,334 INFO org.springframework.boot.SpringApplication [restartedMain] No active profile set, falling back to default profiles: default
2021-06-10 12:15:58,595 INFO org.springframework.data.repository.config.RepositoryConfigurationDelegate [restartedMain] Bootstrapping Spring Data JPA repositories in DEFAULT mode.
2021-06-10 12:15:58,612 INFO org.springframework.data.repository.config.RepositoryConfigurationDelegate [restartedMain] Finished Spring Data repository scanning in 16 ms. Found 2 JPA repository interfaces.
2021-06-10 12:15:58,770 INFO org.springframework.boot.web.embedded.tomcat.TomcatWebServer [restartedMain] Tomcat initialized with port(s): 8083 (http)
2021-06-10 12:15:58,771 INFO org.apache.juli.logging.DirectJDKLog [restartedMain] Initializing ProtocolHandler ["http-nio-8083"]
2021-06-10 12:15:58,771 INFO org.apache.juli.logging.DirectJDKLog [restartedMain] Starting service [Tomcat]
2021-06-10 12:15:58,772 INFO org.apache.juli.logging.DirectJDKLog [restartedMain] Starting Servlet engine: [Apache Tomcat/9.0.46]
2021-06-10 12:15:58,801 INFO org.apache.juli.logging.DirectJDKLog [restartedMain] Initializing Spring embedded WebApplicationContext
2021-06-10 12:15:58,801 INFO org.springframework.boot.web.servlet.context.ServletWebServerApplicationContext [restartedMain] Root WebApplicationContext: initialization completed in 464 ms
2021-06-10 12:15:58,838 INFO org.hibernate.jpa.internal.util.LogHelper [restartedMain] HHH000204: Processing PersistenceUnitInfo [name: default]
2021-06-10 12:15:58,842 INFO com.zaxxer.hikari.HikariDataSource [restartedMain] HikariPool-7 - Starting...
2021-06-10 12:15:58,897 INFO com.zaxxer.hikari.HikariDataSource [restartedMain] HikariPool-7 - Start completed.
2021-06-10 12:15:58,897 INFO org.hibernate.dialect.Dialect [restartedMain] HHH000400: Using dialect: org.hibernate.dialect.PostgreSQLDialect
2021-06-10 12:15:59,096 INFO org.hibernate.engine.transaction.jta.platform.internal.JtaPlatformInitiator [restartedMain] HHH000490: Using JtaPlatform implementation: [org.hibernate.engine.transaction.jta.platform.internal.NoJtaPlatform]
2021-06-10 12:15:59,097 INFO org.springframework.orm.jpa.AbstractEntityManagerFactoryBean [restartedMain] Initialized JPA EntityManagerFactory for persistence unit 'default'
2021-06-10 12:15:59,292 INFO com.security.appsecurity1.advice.LoggingAdvice [restartedMain] Arguments of :: AppContextConfig.restTemplate :: []
2021-06-10 12:15:59,301 INFO com.security.appsecurity1.advice.LoggingAdvice [restartedMain] Execution time of AppContextConfig.restTemplate :: 8 ms
2021-06-10 12:15:59,368 WARN org.springframework.boot.autoconfigure.orm.jpa.JpaBaseConfiguration$JpaWebConfiguration [restartedMain] spring.jpa.open-in-view is enabled by default. Therefore, database queries may be performed during view rendering. Explicitly configure spring.jpa.open-in-view to disable this warning
2021-06-10 12:15:59,672 INFO org.springframework.boot.devtools.autoconfigure.OptionalLiveReloadServer [restartedMain] LiveReload server is running on port 35729
2021-06-10 12:15:59,679 INFO org.apache.juli.logging.DirectJDKLog [restartedMain] Starting ProtocolHandler ["http-nio-8083"]
2021-06-10 12:15:59,684 INFO org.springframework.boot.web.embedded.tomcat.TomcatWebServer [restartedMain] Tomcat started on port(s): 8083 (http) with context path ''
2021-06-10 12:15:59,690 INFO org.springframework.boot.StartupInfoLogger [restartedMain] Started AppSecurity1Application in 1.395 seconds (JVM running for 990.554)
2021-06-10 12:15:59,691 INFO org.springframework.boot.availability.ApplicationAvailabilityBean [restartedMain] Application availability state LivenessState changed to CORRECT
2021-06-10 12:15:59,696 INFO org.springframework.boot.devtools.autoconfigure.ConditionEvaluationDeltaLoggingListener [restartedMain] Condition evaluation unchanged
2021-06-10 12:15:59,696 INFO org.springframework.boot.availability.ApplicationAvailabilityBean [restartedMain] Application availability state ReadinessState changed to ACCEPTING_TRAFFIC
2021-06-10 12:17:23,546 INFO org.springframework.boot.availability.ApplicationAvailabilityBean [Thread-34] Application availability state ReadinessState changed from ACCEPTING_TRAFFIC to REFUSING_TRAFFIC
2021-06-10 12:17:23,586 INFO org.springframework.orm.jpa.AbstractEntityManagerFactoryBean [Thread-34] Closing JPA EntityManagerFactory for persistence unit 'default'
2021-06-10 12:17:23,586 INFO com.zaxxer.hikari.HikariDataSource [Thread-34] HikariPool-7 - Shutdown initiated...
2021-06-10 12:17:23,594 INFO com.zaxxer.hikari.HikariDataSource [Thread-34] HikariPool-7 - Shutdown completed.
2021-06-10 12:17:23,706 INFO org.springframework.boot.StartupInfoLogger [restartedMain] Starting AppSecurity1Application using Java 15.0.1 on LAPTOP-54FPNG7V with PID 33688 (C:\Spring-Security\spring-poc-git-repo\spring-boot-poc\app-security1\target\classes started by amitk in C:\Spring-Security\spring-poc-git-repo\spring-boot-poc\app-security1)
2021-06-10 12:17:23,707 DEBUG org.springframework.boot.StartupInfoLogger [restartedMain] Running with Spring Boot v2.5.0, Spring v5.3.7
2021-06-10 12:17:23,707 INFO org.springframework.boot.SpringApplication [restartedMain] No active profile set, falling back to default profiles: default
2021-06-10 12:17:23,923 INFO org.springframework.data.repository.config.RepositoryConfigurationDelegate [restartedMain] Bootstrapping Spring Data JPA repositories in DEFAULT mode.
2021-06-10 12:17:23,943 INFO org.springframework.data.repository.config.RepositoryConfigurationDelegate [restartedMain] Finished Spring Data repository scanning in 19 ms. Found 2 JPA repository interfaces.
2021-06-10 12:17:24,063 INFO org.springframework.boot.web.embedded.tomcat.TomcatWebServer [restartedMain] Tomcat initialized with port(s): 8083 (http)
2021-06-10 12:17:24,064 INFO org.apache.juli.logging.DirectJDKLog [restartedMain] Initializing ProtocolHandler ["http-nio-8083"]
2021-06-10 12:17:24,064 INFO org.apache.juli.logging.DirectJDKLog [restartedMain] Starting service [Tomcat]
2021-06-10 12:17:24,065 INFO org.apache.juli.logging.DirectJDKLog [restartedMain] Starting Servlet engine: [Apache Tomcat/9.0.46]
2021-06-10 12:17:24,112 INFO org.apache.juli.logging.DirectJDKLog [restartedMain] Initializing Spring embedded WebApplicationContext
2021-06-10 12:17:24,112 INFO org.springframework.boot.web.servlet.context.ServletWebServerApplicationContext [restartedMain] Root WebApplicationContext: initialization completed in 401 ms
2021-06-10 12:17:24,160 INFO org.hibernate.jpa.internal.util.LogHelper [restartedMain] HHH000204: Processing PersistenceUnitInfo [name: default]
2021-06-10 12:17:24,165 INFO com.zaxxer.hikari.HikariDataSource [restartedMain] HikariPool-8 - Starting...
2021-06-10 12:17:24,216 INFO com.zaxxer.hikari.HikariDataSource [restartedMain] HikariPool-8 - Start completed.
2021-06-10 12:17:24,216 INFO org.hibernate.dialect.Dialect [restartedMain] HHH000400: Using dialect: org.hibernate.dialect.PostgreSQLDialect
2021-06-10 12:17:24,411 INFO org.hibernate.engine.transaction.jta.platform.internal.JtaPlatformInitiator [restartedMain] HHH000490: Using JtaPlatform implementation: [org.hibernate.engine.transaction.jta.platform.internal.NoJtaPlatform]
2021-06-10 12:17:24,413 INFO org.springframework.orm.jpa.AbstractEntityManagerFactoryBean [restartedMain] Initialized JPA EntityManagerFactory for persistence unit 'default'
2021-06-10 12:17:24,552 INFO com.security.appsecurity1.advice.LoggingAdvice [restartedMain] Arguments of :: AppContextConfig.restTemplate :: []
2021-06-10 12:17:24,571 INFO com.security.appsecurity1.advice.LoggingAdvice [restartedMain] Execution time of AppContextConfig.restTemplate :: 16 ms
2021-06-10 12:17:24,641 WARN org.springframework.boot.autoconfigure.orm.jpa.JpaBaseConfiguration$JpaWebConfiguration [restartedMain] spring.jpa.open-in-view is enabled by default. Therefore, database queries may be performed during view rendering. Explicitly configure spring.jpa.open-in-view to disable this warning
2021-06-10 12:17:25,067 INFO org.springframework.boot.devtools.autoconfigure.OptionalLiveReloadServer [restartedMain] LiveReload server is running on port 35729
2021-06-10 12:17:25,077 INFO org.apache.juli.logging.DirectJDKLog [restartedMain] Starting ProtocolHandler ["http-nio-8083"]
2021-06-10 12:17:25,087 INFO org.springframework.boot.web.embedded.tomcat.TomcatWebServer [restartedMain] Tomcat started on port(s): 8083 (http) with context path ''
2021-06-10 12:17:25,090 INFO org.springframework.boot.StartupInfoLogger [restartedMain] Started AppSecurity1Application in 1.427 seconds (JVM running for 1075.954)
2021-06-10 12:17:25,090 INFO org.springframework.boot.availability.ApplicationAvailabilityBean [restartedMain] Application availability state LivenessState changed to CORRECT
2021-06-10 12:17:25,092 INFO org.springframework.boot.devtools.autoconfigure.ConditionEvaluationDeltaLoggingListener [restartedMain] Condition evaluation unchanged
2021-06-10 12:17:25,092 INFO org.springframework.boot.availability.ApplicationAvailabilityBean [restartedMain] Application availability state ReadinessState changed to ACCEPTING_TRAFFIC
2021-06-10 12:17:31,690 INFO org.springframework.boot.availability.ApplicationAvailabilityBean [Thread-39] Application availability state ReadinessState changed from ACCEPTING_TRAFFIC to REFUSING_TRAFFIC
2021-06-10 12:17:31,719 INFO org.springframework.orm.jpa.AbstractEntityManagerFactoryBean [Thread-39] Closing JPA EntityManagerFactory for persistence unit 'default'
2021-06-10 12:17:31,720 INFO com.zaxxer.hikari.HikariDataSource [Thread-39] HikariPool-8 - Shutdown initiated...
2021-06-10 12:17:31,726 INFO com.zaxxer.hikari.HikariDataSource [Thread-39] HikariPool-8 - Shutdown completed.
2021-06-10 12:17:31,813 INFO org.springframework.boot.StartupInfoLogger [restartedMain] Starting AppSecurity1Application using Java 15.0.1 on LAPTOP-54FPNG7V with PID 33688 (C:\Spring-Security\spring-poc-git-repo\spring-boot-poc\app-security1\target\classes started by amitk in C:\Spring-Security\spring-poc-git-repo\spring-boot-poc\app-security1)
2021-06-10 12:17:31,817 DEBUG org.springframework.boot.StartupInfoLogger [restartedMain] Running with Spring Boot v2.5.0, Spring v5.3.7
2021-06-10 12:17:31,817 INFO org.springframework.boot.SpringApplication [restartedMain] No active profile set, falling back to default profiles: default
2021-06-10 12:17:32,054 INFO org.springframework.data.repository.config.RepositoryConfigurationDelegate [restartedMain] Bootstrapping Spring Data JPA repositories in DEFAULT mode.
2021-06-10 12:17:32,071 INFO org.springframework.data.repository.config.RepositoryConfigurationDelegate [restartedMain] Finished Spring Data repository scanning in 16 ms. Found 2 JPA repository interfaces.
2021-06-10 12:17:32,193 INFO org.springframework.boot.web.embedded.tomcat.TomcatWebServer [restartedMain] Tomcat initialized with port(s): 8083 (http)
2021-06-10 12:17:32,194 INFO org.apache.juli.logging.DirectJDKLog [restartedMain] Initializing ProtocolHandler ["http-nio-8083"]
2021-06-10 12:17:32,195 INFO org.apache.juli.logging.DirectJDKLog [restartedMain] Starting service [Tomcat]
2021-06-10 12:17:32,195 INFO org.apache.juli.logging.DirectJDKLog [restartedMain] Starting Servlet engine: [Apache Tomcat/9.0.46]
2021-06-10 12:17:32,218 INFO org.apache.juli.logging.DirectJDKLog [restartedMain] Initializing Spring embedded WebApplicationContext
2021-06-10 12:17:32,218 INFO org.springframework.boot.web.servlet.context.ServletWebServerApplicationContext [restartedMain] Root WebApplicationContext: initialization completed in 398 ms
2021-06-10 12:17:32,266 INFO org.hibernate.jpa.internal.util.LogHelper [restartedMain] HHH000204: Processing PersistenceUnitInfo [name: default]
2021-06-10 12:17:32,271 INFO com.zaxxer.hikari.HikariDataSource [restartedMain] HikariPool-9 - Starting...
2021-06-10 12:17:32,327 INFO com.zaxxer.hikari.HikariDataSource [restartedMain] HikariPool-9 - Start completed.
2021-06-10 12:17:32,328 INFO org.hibernate.dialect.Dialect [restartedMain] HHH000400: Using dialect: org.hibernate.dialect.PostgreSQLDialect
2021-06-10 12:17:32,588 INFO org.hibernate.engine.transaction.jta.platform.internal.JtaPlatformInitiator [restartedMain] HHH000490: Using JtaPlatform implementation: [org.hibernate.engine.transaction.jta.platform.internal.NoJtaPlatform]
2021-06-10 12:17:32,588 INFO org.springframework.orm.jpa.AbstractEntityManagerFactoryBean [restartedMain] Initialized JPA EntityManagerFactory for persistence unit 'default'
2021-06-10 12:17:32,723 INFO com.security.appsecurity1.advice.LoggingAdvice [restartedMain] Arguments of :: AppContextConfig.restTemplate :: []
2021-06-10 12:17:32,732 INFO com.security.appsecurity1.advice.LoggingAdvice [restartedMain] Execution time of AppContextConfig.restTemplate :: 7 ms
2021-06-10 12:17:32,782 WARN org.springframework.boot.autoconfigure.orm.jpa.JpaBaseConfiguration$JpaWebConfiguration [restartedMain] spring.jpa.open-in-view is enabled by default. Therefore, database queries may be performed during view rendering. Explicitly configure spring.jpa.open-in-view to disable this warning
2021-06-10 12:17:33,030 INFO org.springframework.boot.devtools.autoconfigure.OptionalLiveReloadServer [restartedMain] LiveReload server is running on port 35729
2021-06-10 12:17:33,036 INFO org.apache.juli.logging.DirectJDKLog [restartedMain] Starting ProtocolHandler ["http-nio-8083"]
2021-06-10 12:17:33,043 INFO org.springframework.boot.web.embedded.tomcat.TomcatWebServer [restartedMain] Tomcat started on port(s): 8083 (http) with context path ''
2021-06-10 12:17:33,050 INFO org.springframework.boot.StartupInfoLogger [restartedMain] Started AppSecurity1Application in 1.271 seconds (JVM running for 1083.914)
2021-06-10 12:17:33,051 INFO org.springframework.boot.availability.ApplicationAvailabilityBean [restartedMain] Application availability state LivenessState changed to CORRECT
2021-06-10 12:17:33,052 INFO org.springframework.boot.devtools.autoconfigure.ConditionEvaluationDeltaLoggingListener [restartedMain] Condition evaluation unchanged
2021-06-10 12:17:33,053 INFO org.springframework.boot.availability.ApplicationAvailabilityBean [restartedMain] Application availability state ReadinessState changed to ACCEPTING_TRAFFIC
2021-06-10 12:19:00,109 INFO org.springframework.boot.availability.ApplicationAvailabilityBean [Thread-44] Application availability state ReadinessState changed from ACCEPTING_TRAFFIC to REFUSING_TRAFFIC
2021-06-10 12:19:00,136 INFO org.springframework.orm.jpa.AbstractEntityManagerFactoryBean [Thread-44] Closing JPA EntityManagerFactory for persistence unit 'default'
2021-06-10 12:19:00,136 INFO com.zaxxer.hikari.HikariDataSource [Thread-44] HikariPool-9 - Shutdown initiated...
2021-06-10 12:19:00,143 INFO com.zaxxer.hikari.HikariDataSource [Thread-44] HikariPool-9 - Shutdown completed.
2021-06-10 12:19:00,231 INFO org.springframework.boot.StartupInfoLogger [restartedMain] Starting AppSecurity1Application using Java 15.0.1 on LAPTOP-54FPNG7V with PID 33688 (C:\Spring-Security\spring-poc-git-repo\spring-boot-poc\app-security1\target\classes started by amitk in C:\Spring-Security\spring-poc-git-repo\spring-boot-poc\app-security1)
2021-06-10 12:19:00,232 DEBUG org.springframework.boot.StartupInfoLogger [restartedMain] Running with Spring Boot v2.5.0, Spring v5.3.7
2021-06-10 12:19:00,232 INFO org.springframework.boot.SpringApplication [restartedMain] No active profile set, falling back to default profiles: default
2021-06-10 12:19:00,395 INFO org.springframework.data.repository.config.RepositoryConfigurationDelegate [restartedMain] Bootstrapping Spring Data JPA repositories in DEFAULT mode.
2021-06-10 12:19:00,414 INFO org.springframework.data.repository.config.RepositoryConfigurationDelegate [restartedMain] Finished Spring Data repository scanning in 18 ms. Found 2 JPA repository interfaces.
2021-06-10 12:19:00,550 INFO org.springframework.boot.web.embedded.tomcat.TomcatWebServer [restartedMain] Tomcat initialized with port(s): 8083 (http)
2021-06-10 12:19:00,551 INFO org.apache.juli.logging.DirectJDKLog [restartedMain] Initializing ProtocolHandler ["http-nio-8083"]
2021-06-10 12:19:00,551 INFO org.apache.juli.logging.DirectJDKLog [restartedMain] Starting service [Tomcat]
2021-06-10 12:19:00,551 INFO org.apache.juli.logging.DirectJDKLog [restartedMain] Starting Servlet engine: [Apache Tomcat/9.0.46]
2021-06-10 12:19:00,569 INFO org.apache.juli.logging.DirectJDKLog [restartedMain] Initializing Spring embedded WebApplicationContext
2021-06-10 12:19:00,569 INFO org.springframework.boot.web.servlet.context.ServletWebServerApplicationContext [restartedMain] Root WebApplicationContext: initialization completed in 334 ms
2021-06-10 12:19:00,617 INFO org.hibernate.jpa.internal.util.LogHelper [restartedMain] HHH000204: Processing PersistenceUnitInfo [name: default]
2021-06-10 12:19:00,623 INFO com.zaxxer.hikari.HikariDataSource [restartedMain] HikariPool-10 - Starting...
2021-06-10 12:19:00,677 INFO com.zaxxer.hikari.HikariDataSource [restartedMain] HikariPool-10 - Start completed.
2021-06-10 12:19:00,678 INFO org.hibernate.dialect.Dialect [restartedMain] HHH000400: Using dialect: org.hibernate.dialect.PostgreSQLDialect
2021-06-10 12:19:00,907 INFO org.hibernate.engine.transaction.jta.platform.internal.JtaPlatformInitiator [restartedMain] HHH000490: Using JtaPlatform implementation: [org.hibernate.engine.transaction.jta.platform.internal.NoJtaPlatform]
2021-06-10 12:19:00,908 INFO org.springframework.orm.jpa.AbstractEntityManagerFactoryBean [restartedMain] Initialized JPA EntityManagerFactory for persistence unit 'default'
2021-06-10 12:19:01,088 INFO com.security.appsecurity1.advice.LoggingAdvice [restartedMain] Arguments of :: AppContextConfig.restTemplate :: []
2021-06-10 12:19:01,127 INFO com.security.appsecurity1.advice.LoggingAdvice [restartedMain] Execution time of AppContextConfig.restTemplate :: 25 ms
2021-06-10 12:19:01,193 WARN org.springframework.boot.autoconfigure.orm.jpa.JpaBaseConfiguration$JpaWebConfiguration [restartedMain] spring.jpa.open-in-view is enabled by default. Therefore, database queries may be performed during view rendering. Explicitly configure spring.jpa.open-in-view to disable this warning
2021-06-10 12:19:01,502 INFO org.springframework.boot.devtools.autoconfigure.OptionalLiveReloadServer [restartedMain] LiveReload server is running on port 35729
2021-06-10 12:19:01,510 INFO org.apache.juli.logging.DirectJDKLog [restartedMain] Starting ProtocolHandler ["http-nio-8083"]
2021-06-10 12:19:01,516 INFO org.springframework.boot.web.embedded.tomcat.TomcatWebServer [restartedMain] Tomcat started on port(s): 8083 (http) with context path ''
2021-06-10 12:19:01,519 INFO org.springframework.boot.StartupInfoLogger [restartedMain] Started AppSecurity1Application in 1.323 seconds (JVM running for 1172.383)
2021-06-10 12:19:01,519 INFO org.springframework.boot.availability.ApplicationAvailabilityBean [restartedMain] Application availability state LivenessState changed to CORRECT
2021-06-10 12:19:01,521 INFO org.springframework.boot.devtools.autoconfigure.ConditionEvaluationDeltaLoggingListener [restartedMain] Condition evaluation unchanged
2021-06-10 12:19:01,522 INFO org.springframework.boot.availability.ApplicationAvailabilityBean [restartedMain] Application availability state ReadinessState changed to ACCEPTING_TRAFFIC
2021-06-10 12:19:09,145 INFO org.springframework.boot.availability.ApplicationAvailabilityBean [Thread-49] Application availability state ReadinessState changed from ACCEPTING_TRAFFIC to REFUSING_TRAFFIC
2021-06-10 12:19:09,180 INFO org.springframework.orm.jpa.AbstractEntityManagerFactoryBean [Thread-49] Closing JPA EntityManagerFactory for persistence unit 'default'
2021-06-10 12:19:09,180 INFO com.zaxxer.hikari.HikariDataSource [Thread-49] HikariPool-10 - Shutdown initiated...
2021-06-10 12:19:09,184 INFO com.zaxxer.hikari.HikariDataSource [Thread-49] HikariPool-10 - Shutdown completed.
2021-06-10 12:19:09,272 INFO org.springframework.boot.StartupInfoLogger [restartedMain] Starting AppSecurity1Application using Java 15.0.1 on LAPTOP-54FPNG7V with PID 33688 (C:\Spring-Security\spring-poc-git-repo\spring-boot-poc\app-security1\target\classes started by amitk in C:\Spring-Security\spring-poc-git-repo\spring-boot-poc\app-security1)
2021-06-10 12:19:09,273 DEBUG org.springframework.boot.StartupInfoLogger [restartedMain] Running with Spring Boot v2.5.0, Spring v5.3.7
2021-06-10 12:19:09,276 INFO org.springframework.boot.SpringApplication [restartedMain] No active profile set, falling back to default profiles: default
2021-06-10 12:19:09,518 INFO org.springframework.data.repository.config.RepositoryConfigurationDelegate [restartedMain] Bootstrapping Spring Data JPA repositories in DEFAULT mode.
2021-06-10 12:19:09,547 INFO org.springframework.data.repository.config.RepositoryConfigurationDelegate [restartedMain] Finished Spring Data repository scanning in 28 ms. Found 2 JPA repository interfaces.
2021-06-10 12:19:09,667 INFO org.springframework.boot.web.embedded.tomcat.TomcatWebServer [restartedMain] Tomcat initialized with port(s): 8083 (http)
2021-06-10 12:19:09,668 INFO org.apache.juli.logging.DirectJDKLog [restartedMain] Initializing ProtocolHandler ["http-nio-8083"]
2021-06-10 12:19:09,668 INFO org.apache.juli.logging.DirectJDKLog [restartedMain] Starting service [Tomcat]
2021-06-10 12:19:09,668 INFO org.apache.juli.logging.DirectJDKLog [restartedMain] Starting Servlet engine: [Apache Tomcat/9.0.46]
2021-06-10 12:19:09,687 INFO org.apache.juli.logging.DirectJDKLog [restartedMain] Initializing Spring embedded WebApplicationContext
2021-06-10 12:19:09,687 INFO org.springframework.boot.web.servlet.context.ServletWebServerApplicationContext [restartedMain] Root WebApplicationContext: initialization completed in 406 ms
2021-06-10 12:19:09,728 INFO org.hibernate.jpa.internal.util.LogHelper [restartedMain] HHH000204: Processing PersistenceUnitInfo [name: default]
2021-06-10 12:19:09,732 INFO com.zaxxer.hikari.HikariDataSource [restartedMain] HikariPool-11 - Starting...
2021-06-10 12:19:09,779 INFO com.zaxxer.hikari.HikariDataSource [restartedMain] HikariPool-11 - Start completed.
2021-06-10 12:19:09,780 INFO org.hibernate.dialect.Dialect [restartedMain] HHH000400: Using dialect: org.hibernate.dialect.PostgreSQLDialect
2021-06-10 12:19:09,997 INFO org.hibernate.engine.transaction.jta.platform.internal.JtaPlatformInitiator [restartedMain] HHH000490: Using JtaPlatform implementation: [org.hibernate.engine.transaction.jta.platform.internal.NoJtaPlatform]
2021-06-10 12:19:09,998 INFO org.springframework.orm.jpa.AbstractEntityManagerFactoryBean [restartedMain] Initialized JPA EntityManagerFactory for persistence unit 'default'
2021-06-10 12:19:10,112 INFO com.security.appsecurity1.advice.LoggingAdvice [restartedMain] Arguments of :: AppContextConfig.restTemplate :: []
2021-06-10 12:19:10,121 INFO com.security.appsecurity1.advice.LoggingAdvice [restartedMain] Execution time of AppContextConfig.restTemplate :: 8 ms
2021-06-10 12:19:10,168 WARN org.springframework.boot.autoconfigure.orm.jpa.JpaBaseConfiguration$JpaWebConfiguration [restartedMain] spring.jpa.open-in-view is enabled by default. Therefore, database queries may be performed during view rendering. Explicitly configure spring.jpa.open-in-view to disable this warning
2021-06-10 12:19:10,559 INFO org.springframework.boot.devtools.autoconfigure.OptionalLiveReloadServer [restartedMain] LiveReload server is running on port 35729
2021-06-10 12:19:10,565 INFO org.apache.juli.logging.DirectJDKLog [restartedMain] Starting ProtocolHandler ["http-nio-8083"]
2021-06-10 12:19:10,579 INFO org.springframework.boot.web.embedded.tomcat.TomcatWebServer [restartedMain] Tomcat started on port(s): 8083 (http) with context path ''
2021-06-10 12:19:10,582 INFO org.springframework.boot.StartupInfoLogger [restartedMain] Started AppSecurity1Application in 1.341 seconds (JVM running for 1181.445)
2021-06-10 12:19:10,582 INFO org.springframework.boot.availability.ApplicationAvailabilityBean [restartedMain] Application availability state LivenessState changed to CORRECT
2021-06-10 12:19:10,584 INFO org.springframework.boot.devtools.autoconfigure.ConditionEvaluationDeltaLoggingListener [restartedMain] Condition evaluation unchanged
2021-06-10 12:19:10,585 INFO org.springframework.boot.availability.ApplicationAvailabilityBean [restartedMain] Application availability state ReadinessState changed to ACCEPTING_TRAFFIC
2021-06-10 12:21:17,690 INFO org.springframework.boot.availability.ApplicationAvailabilityBean [Thread-54] Application availability state ReadinessState changed from ACCEPTING_TRAFFIC to REFUSING_TRAFFIC
2021-06-10 12:21:17,724 INFO org.springframework.orm.jpa.AbstractEntityManagerFactoryBean [Thread-54] Closing JPA EntityManagerFactory for persistence unit 'default'
2021-06-10 12:21:17,724 INFO com.zaxxer.hikari.HikariDataSource [Thread-54] HikariPool-11 - Shutdown initiated...
2021-06-10 12:21:17,730 INFO com.zaxxer.hikari.HikariDataSource [Thread-54] HikariPool-11 - Shutdown completed.
2021-06-10 12:21:17,845 INFO org.springframework.boot.StartupInfoLogger [restartedMain] Starting AppSecurity1Application using Java 15.0.1 on LAPTOP-54FPNG7V with PID 33688 (C:\Spring-Security\spring-poc-git-repo\spring-boot-poc\app-security1\target\classes started by amitk in C:\Spring-Security\spring-poc-git-repo\spring-boot-poc\app-security1)
2021-06-10 12:21:17,846 DEBUG org.springframework.boot.StartupInfoLogger [restartedMain] Running with Spring Boot v2.5.0, Spring v5.3.7
2021-06-10 12:21:17,846 INFO org.springframework.boot.SpringApplication [restartedMain] No active profile set, falling back to default profiles: default
2021-06-10 12:21:18,013 INFO org.springframework.data.repository.config.RepositoryConfigurationDelegate [restartedMain] Bootstrapping Spring Data JPA repositories in DEFAULT mode.
2021-06-10 12:21:18,032 INFO org.springframework.data.repository.config.RepositoryConfigurationDelegate [restartedMain] Finished Spring Data repository scanning in 18 ms. Found 2 JPA repository interfaces.
2021-06-10 12:21:18,132 INFO org.springframework.boot.web.embedded.tomcat.TomcatWebServer [restartedMain] Tomcat initialized with port(s): 8083 (http)
2021-06-10 12:21:18,133 INFO org.apache.juli.logging.DirectJDKLog [restartedMain] Initializing ProtocolHandler ["http-nio-8083"]
2021-06-10 12:21:18,134 INFO org.apache.juli.logging.DirectJDKLog [restartedMain] Starting service [Tomcat]
2021-06-10 12:21:18,134 INFO org.apache.juli.logging.DirectJDKLog [restartedMain] Starting Servlet engine: [Apache Tomcat/9.0.46]
2021-06-10 12:21:18,152 INFO org.apache.juli.logging.DirectJDKLog [restartedMain] Initializing Spring embedded WebApplicationContext
2021-06-10 12:21:18,153 INFO org.springframework.boot.web.servlet.context.ServletWebServerApplicationContext [restartedMain] Root WebApplicationContext: initialization completed in 296 ms
2021-06-10 12:21:18,193 INFO org.hibernate.jpa.internal.util.LogHelper [restartedMain] HHH000204: Processing PersistenceUnitInfo [name: default]
2021-06-10 12:21:18,197 INFO com.zaxxer.hikari.HikariDataSource [restartedMain] HikariPool-12 - Starting...
2021-06-10 12:21:18,364 INFO com.zaxxer.hikari.HikariDataSource [restartedMain] HikariPool-12 - Start completed.
2021-06-10 12:21:18,364 INFO org.hibernate.dialect.Dialect [restartedMain] HHH000400: Using dialect: org.hibernate.dialect.PostgreSQLDialect
2021-06-10 12:21:18,599 INFO org.hibernate.engine.transaction.jta.platform.internal.JtaPlatformInitiator [restartedMain] HHH000490: Using JtaPlatform implementation: [org.hibernate.engine.transaction.jta.platform.internal.NoJtaPlatform]
2021-06-10 12:21:18,600 INFO org.springframework.orm.jpa.AbstractEntityManagerFactoryBean [restartedMain] Initialized JPA EntityManagerFactory for persistence unit 'default'
2021-06-10 12:21:18,728 INFO com.security.appsecurity1.advice.LoggingAdvice [restartedMain] Arguments of :: AppContextConfig.restTemplate :: []
2021-06-10 12:21:18,738 INFO com.security.appsecurity1.advice.LoggingAdvice [restartedMain] Execution time of AppContextConfig.restTemplate :: 9 ms
2021-06-10 12:21:18,787 WARN org.springframework.boot.autoconfigure.orm.jpa.JpaBaseConfiguration$JpaWebConfiguration [restartedMain] spring.jpa.open-in-view is enabled by default. Therefore, database queries may be performed during view rendering. Explicitly configure spring.jpa.open-in-view to disable this warning
2021-06-10 12:21:19,064 INFO org.springframework.boot.devtools.autoconfigure.OptionalLiveReloadServer [restartedMain] LiveReload server is running on port 35729
2021-06-10 12:21:19,070 INFO org.apache.juli.logging.DirectJDKLog [restartedMain] Starting ProtocolHandler ["http-nio-8083"]
2021-06-10 12:21:19,074 INFO org.springframework.boot.web.embedded.tomcat.TomcatWebServer [restartedMain] Tomcat started on port(s): 8083 (http) with context path ''
2021-06-10 12:21:19,076 INFO org.springframework.boot.StartupInfoLogger [restartedMain] Started AppSecurity1Application in 1.288 seconds (JVM running for 1309.941)
2021-06-10 12:21:19,077 INFO org.springframework.boot.availability.ApplicationAvailabilityBean [restartedMain] Application availability state LivenessState changed to CORRECT
2021-06-10 12:21:19,078 INFO org.springframework.boot.devtools.autoconfigure.ConditionEvaluationDeltaLoggingListener [restartedMain] Condition evaluation unchanged
2021-06-10 12:21:19,078 INFO org.springframework.boot.availability.ApplicationAvailabilityBean [restartedMain] Application availability state ReadinessState changed to ACCEPTING_TRAFFIC
2021-06-10 12:26:19,378 INFO org.springframework.boot.availability.ApplicationAvailabilityBean [Thread-59] Application availability state ReadinessState changed from ACCEPTING_TRAFFIC to REFUSING_TRAFFIC
2021-06-10 12:26:19,403 INFO org.springframework.orm.jpa.AbstractEntityManagerFactoryBean [Thread-59] Closing JPA EntityManagerFactory for persistence unit 'default'
2021-06-10 12:26:19,403 INFO com.zaxxer.hikari.HikariDataSource [Thread-59] HikariPool-12 - Shutdown initiated...
2021-06-10 12:26:19,408 INFO com.zaxxer.hikari.HikariDataSource [Thread-59] HikariPool-12 - Shutdown completed.
2021-06-10 12:26:19,511 INFO org.springframework.boot.StartupInfoLogger [restartedMain] Starting AppSecurity1Application using Java 15.0.1 on LAPTOP-54FPNG7V with PID 33688 (C:\Spring-Security\spring-poc-git-repo\spring-boot-poc\app-security1\target\classes started by amitk in C:\Spring-Security\spring-poc-git-repo\spring-boot-poc\app-security1)
2021-06-10 12:26:19,511 DEBUG org.springframework.boot.StartupInfoLogger [restartedMain] Running with Spring Boot v2.5.0, Spring v5.3.7
2021-06-10 12:26:19,511 INFO org.springframework.boot.SpringApplication [restartedMain] No active profile set, falling back to default profiles: default
2021-06-10 12:26:19,700 INFO org.springframework.data.repository.config.RepositoryConfigurationDelegate [restartedMain] Bootstrapping Spring Data JPA repositories in DEFAULT mode.
2021-06-10 12:26:19,714 INFO org.springframework.data.repository.config.RepositoryConfigurationDelegate [restartedMain] Finished Spring Data repository scanning in 14 ms. Found 2 JPA repository interfaces.
2021-06-10 12:26:19,814 INFO org.springframework.boot.web.embedded.tomcat.TomcatWebServer [restartedMain] Tomcat initialized with port(s): 8083 (http)
2021-06-10 12:26:19,815 INFO org.apache.juli.logging.DirectJDKLog [restartedMain] Initializing ProtocolHandler ["http-nio-8083"]
2021-06-10 12:26:19,815 INFO org.apache.juli.logging.DirectJDKLog [restartedMain] Starting service [Tomcat]
2021-06-10 12:26:19,815 INFO org.apache.juli.logging.DirectJDKLog [restartedMain] Starting Servlet engine: [Apache Tomcat/9.0.46]
2021-06-10 12:26:19,839 INFO org.apache.juli.logging.DirectJDKLog [restartedMain] Initializing Spring embedded WebApplicationContext
2021-06-10 12:26:19,839 INFO org.springframework.boot.web.servlet.context.ServletWebServerApplicationContext [restartedMain] Root WebApplicationContext: initialization completed in 325 ms
2021-06-10 12:26:19,875 INFO org.hibernate.jpa.internal.util.LogHelper [restartedMain] HHH000204: Processing PersistenceUnitInfo [name: default]
2021-06-10 12:26:19,881 INFO com.zaxxer.hikari.HikariDataSource [restartedMain] HikariPool-13 - Starting...
2021-06-10 12:26:19,927 INFO com.zaxxer.hikari.HikariDataSource [restartedMain] HikariPool-13 - Start completed.
2021-06-10 12:26:19,927 INFO org.hibernate.dialect.Dialect [restartedMain] HHH000400: Using dialect: org.hibernate.dialect.PostgreSQLDialect
2021-06-10 12:26:20,101 INFO org.hibernate.engine.transaction.jta.platform.internal.JtaPlatformInitiator [restartedMain] HHH000490: Using JtaPlatform implementation: [org.hibernate.engine.transaction.jta.platform.internal.NoJtaPlatform]
2021-06-10 12:26:20,103 INFO org.springframework.orm.jpa.AbstractEntityManagerFactoryBean [restartedMain] Initialized JPA EntityManagerFactory for persistence unit 'default'
2021-06-10 12:26:20,183 INFO com.security.appsecurity1.advice.LoggingAdvice [restartedMain] Arguments of :: AppContextConfig.restTemplate :: []
2021-06-10 12:26:20,192 INFO com.security.appsecurity1.advice.LoggingAdvice [restartedMain] Execution time of AppContextConfig.restTemplate :: 7 ms
2021-06-10 12:26:20,229 WARN org.springframework.boot.autoconfigure.orm.jpa.JpaBaseConfiguration$JpaWebConfiguration [restartedMain] spring.jpa.open-in-view is enabled by default. Therefore, database queries may be performed during view rendering. Explicitly configure spring.jpa.open-in-view to disable this warning
2021-06-10 12:26:20,391 INFO org.springframework.boot.devtools.autoconfigure.OptionalLiveReloadServer [restartedMain] LiveReload server is running on port 35729
2021-06-10 12:26:20,399 INFO org.apache.juli.logging.DirectJDKLog [restartedMain] Starting ProtocolHandler ["http-nio-8083"]
2021-06-10 12:26:20,404 INFO org.springframework.boot.web.embedded.tomcat.TomcatWebServer [restartedMain] Tomcat started on port(s): 8083 (http) with context path ''
2021-06-10 12:26:20,407 INFO org.springframework.boot.StartupInfoLogger [restartedMain] Started AppSecurity1Application in 0.933 seconds (JVM running for 1611.27)
2021-06-10 12:26:20,407 INFO org.springframework.boot.availability.ApplicationAvailabilityBean [restartedMain] Application availability state LivenessState changed to CORRECT
2021-06-10 12:26:20,408 INFO org.springframework.boot.devtools.autoconfigure.ConditionEvaluationDeltaLoggingListener [restartedMain] Condition evaluation unchanged
2021-06-10 12:26:20,409 INFO org.springframework.boot.availability.ApplicationAvailabilityBean [restartedMain] Application availability state ReadinessState changed to ACCEPTING_TRAFFIC
2021-06-10 12:28:41,841 INFO org.springframework.boot.availability.ApplicationAvailabilityBean [Thread-64] Application availability state ReadinessState changed from ACCEPTING_TRAFFIC to REFUSING_TRAFFIC
2021-06-10 12:28:41,867 INFO org.springframework.orm.jpa.AbstractEntityManagerFactoryBean [Thread-64] Closing JPA EntityManagerFactory for persistence unit 'default'
2021-06-10 12:28:41,867 INFO com.zaxxer.hikari.HikariDataSource [Thread-64] HikariPool-13 - Shutdown initiated...
2021-06-10 12:28:41,876 INFO com.zaxxer.hikari.HikariDataSource [Thread-64] HikariPool-13 - Shutdown completed.
2021-06-10 12:28:41,976 INFO org.springframework.boot.StartupInfoLogger [restartedMain] Starting AppSecurity1Application using Java 15.0.1 on LAPTOP-54FPNG7V with PID 33688 (C:\Spring-Security\spring-poc-git-repo\spring-boot-poc\app-security1\target\classes started by amitk in C:\Spring-Security\spring-poc-git-repo\spring-boot-poc\app-security1)
2021-06-10 12:28:41,976 DEBUG org.springframework.boot.StartupInfoLogger [restartedMain] Running with Spring Boot v2.5.0, Spring v5.3.7
2021-06-10 12:28:41,976 INFO org.springframework.boot.SpringApplication [restartedMain] No active profile set, falling back to default profiles: default
2021-06-10 12:28:42,241 INFO org.springframework.data.repository.config.RepositoryConfigurationDelegate [restartedMain] Bootstrapping Spring Data JPA repositories in DEFAULT mode.
2021-06-10 12:28:42,258 INFO org.springframework.data.repository.config.RepositoryConfigurationDelegate [restartedMain] Finished Spring Data repository scanning in 16 ms. Found 2 JPA repository interfaces.
2021-06-10 12:28:42,408 INFO org.springframework.boot.web.embedded.tomcat.TomcatWebServer [restartedMain] Tomcat initialized with port(s): 8083 (http)
2021-06-10 12:28:42,409 INFO org.apache.juli.logging.DirectJDKLog [restartedMain] Initializing ProtocolHandler ["http-nio-8083"]
2021-06-10 12:28:42,410 INFO org.apache.juli.logging.DirectJDKLog [restartedMain] Starting service [Tomcat]
2021-06-10 12:28:42,410 INFO org.apache.juli.logging.DirectJDKLog [restartedMain] Starting Servlet engine: [Apache Tomcat/9.0.46]
2021-06-10 12:28:42,449 INFO org.apache.juli.logging.DirectJDKLog [restartedMain] Initializing Spring embedded WebApplicationContext
2021-06-10 12:28:42,450 INFO org.springframework.boot.web.servlet.context.ServletWebServerApplicationContext [restartedMain] Root WebApplicationContext: initialization completed in 471 ms
2021-06-10 12:28:42,487 INFO org.hibernate.jpa.internal.util.LogHelper [restartedMain] HHH000204: Processing PersistenceUnitInfo [name: default]
2021-06-10 12:28:42,493 INFO com.zaxxer.hikari.HikariDataSource [restartedMain] HikariPool-14 - Starting...
2021-06-10 12:28:42,544 INFO com.zaxxer.hikari.HikariDataSource [restartedMain] HikariPool-14 - Start completed.
2021-06-10 12:28:42,545 INFO org.hibernate.dialect.Dialect [restartedMain] HHH000400: Using dialect: org.hibernate.dialect.PostgreSQLDialect
2021-06-10 12:28:42,754 INFO org.hibernate.engine.transaction.jta.platform.internal.JtaPlatformInitiator [restartedMain] HHH000490: Using JtaPlatform implementation: [org.hibernate.engine.transaction.jta.platform.internal.NoJtaPlatform]
2021-06-10 12:28:42,755 INFO org.springframework.orm.jpa.AbstractEntityManagerFactoryBean [restartedMain] Initialized JPA EntityManagerFactory for persistence unit 'default'
2021-06-10 12:28:42,911 INFO com.security.appsecurity1.advice.LoggingAdvice [restartedMain] Arguments of :: AppContextConfig.restTemplate :: []
2021-06-10 12:28:42,923 INFO com.security.appsecurity1.advice.LoggingAdvice [restartedMain] Execution time of AppContextConfig.restTemplate :: 10 ms
2021-06-10 12:28:42,975 WARN org.springframework.boot.autoconfigure.orm.jpa.JpaBaseConfiguration$JpaWebConfiguration [restartedMain] spring.jpa.open-in-view is enabled by default. Therefore, database queries may be performed during view rendering. Explicitly configure spring.jpa.open-in-view to disable this warning
2021-06-10 12:28:43,233 INFO org.springframework.boot.devtools.autoconfigure.OptionalLiveReloadServer [restartedMain] LiveReload server is running on port 35729
2021-06-10 12:28:43,240 INFO org.apache.juli.logging.DirectJDKLog [restartedMain] Starting ProtocolHandler ["http-nio-8083"]
2021-06-10 12:28:43,245 INFO org.springframework.boot.web.embedded.tomcat.TomcatWebServer [restartedMain] Tomcat started on port(s): 8083 (http) with context path ''
2021-06-10 12:28:43,248 INFO org.springframework.boot.StartupInfoLogger [restartedMain] Started AppSecurity1Application in 1.313 seconds (JVM running for 1754.111)
2021-06-10 12:28:43,248 INFO org.springframework.boot.availability.ApplicationAvailabilityBean [restartedMain] Application availability state LivenessState changed to CORRECT
2021-06-10 12:28:43,249 INFO org.springframework.boot.devtools.autoconfigure.ConditionEvaluationDeltaLoggingListener [restartedMain] Condition evaluation unchanged
2021-06-10 12:28:43,249 INFO org.springframework.boot.availability.ApplicationAvailabilityBean [restartedMain] Application availability state ReadinessState changed to ACCEPTING_TRAFFIC
2021-06-10 12:29:53,378 INFO org.apache.juli.logging.DirectJDKLog [http-nio-8083-exec-1] Initializing Spring DispatcherServlet 'dispatcherServlet'
2021-06-10 12:29:53,379 INFO org.springframework.web.servlet.FrameworkServlet [http-nio-8083-exec-1] Initializing Servlet 'dispatcherServlet'
2021-06-10 12:29:53,381 INFO org.springframework.web.servlet.FrameworkServlet [http-nio-8083-exec-1] Completed initialization in 2 ms
2021-06-10 12:29:53,403 INFO com.security.appsecurity1.advice.LoggingAdvice [http-nio-8083-exec-1] Arguments of :: EmployeeController.addEmployee :: [employee]
2021-06-10 12:29:53,418 INFO com.security.appsecurity1.advice.LoggingAdvice [http-nio-8083-exec-1] Arguments of :: EmployeeServiceImpl.addEmployee :: [employeeDTO]
2021-06-10 12:29:53,427 INFO com.security.appsecurity1.advice.LoggingAdvice [http-nio-8083-exec-1] Arguments of :: CrudRepository.save :: null
2021-06-10 12:29:53,505 INFO com.security.appsecurity1.advice.LoggingAdvice [http-nio-8083-exec-1] Execution time of CrudRepository.save :: 76 ms
2021-06-10 12:29:53,755 INFO com.security.appsecurity1.advice.LoggingAdvice [http-nio-8083-exec-1] Execution time of EmployeeServiceImpl.addEmployee :: 336 ms
2021-06-10 12:29:53,755 INFO com.security.appsecurity1.advice.LoggingAdvice [http-nio-8083-exec-1] Execution time of EmployeeController.addEmployee :: 352 ms
2021-06-10 12:33:26,627 INFO com.security.appsecurity1.advice.LoggingAdvice [http-nio-8083-exec-3] Arguments of :: EmployeeController.addEmployee :: [employee]
2021-06-10 12:33:26,628 INFO com.security.appsecurity1.advice.LoggingAdvice [http-nio-8083-exec-3] Arguments of :: EmployeeServiceImpl.addEmployee :: [employeeDTO]
2021-06-10 12:33:26,629 INFO com.security.appsecurity1.advice.LoggingAdvice [http-nio-8083-exec-3] Arguments of :: CrudRepository.save :: null
