2021-06-09 11:59:16,146 INFO org.springframework.boot.StartupInfoLogger [restartedMain] Starting AppSecurity1Application using Java 15.0.1 on LAPTOP-54FPNG7V with PID 37472 (C:\Spring-Security\app-security1\target\classes started by amitk in C:\Spring-Security\app-security1)
2021-06-09 11:59:16,148 DEBUG org.springframework.boot.StartupInfoLogger [restartedMain] Running with Spring Boot v2.5.0, Spring v5.3.7
2021-06-09 11:59:16,149 INFO org.springframework.boot.SpringApplication [restartedMain] No active profile set, falling back to default profiles: default
2021-06-09 11:59:16,497 INFO org.springframework.data.repository.config.RepositoryConfigurationDelegate [restartedMain] Bootstrapping Spring Data JPA repositories in DEFAULT mode.
2021-06-09 11:59:16,532 INFO org.springframework.data.repository.config.RepositoryConfigurationDelegate [restartedMain] Finished Spring Data repository scanning in 34 ms. Found 2 JPA repository interfaces.
2021-06-09 11:59:16,819 INFO org.springframework.boot.web.embedded.tomcat.TomcatWebServer [restartedMain] Tomcat initialized with port(s): 8080 (http)
2021-06-09 11:59:16,827 INFO org.apache.juli.logging.DirectJDKLog [restartedMain] Starting service [Tomcat]
2021-06-09 11:59:16,827 INFO org.apache.juli.logging.DirectJDKLog [restartedMain] Starting Servlet engine: [Apache Tomcat/9.0.46]
2021-06-09 11:59:16,868 INFO org.apache.juli.logging.DirectJDKLog [restartedMain] Initializing Spring embedded WebApplicationContext
2021-06-09 11:59:16,870 INFO org.springframework.boot.web.servlet.context.ServletWebServerApplicationContext [restartedMain] Root WebApplicationContext: initialization completed in 717 ms
2021-06-09 11:59:17,014 INFO org.hibernate.jpa.internal.util.LogHelper [restartedMain] HHH000204: Processing PersistenceUnitInfo [name: default]
2021-06-09 11:59:17,028 INFO com.zaxxer.hikari.HikariDataSource [restartedMain] HikariPool-6 - Starting...
2021-06-09 11:59:17,221 INFO com.zaxxer.hikari.HikariDataSource [restartedMain] HikariPool-6 - Start completed.
2021-06-09 11:59:17,223 INFO org.hibernate.dialect.Dialect [restartedMain] HHH000400: Using dialect: org.hibernate.dialect.PostgreSQLDialect
2021-06-09 11:59:17,512 INFO org.hibernate.engine.transaction.jta.platform.internal.JtaPlatformInitiator [restartedMain] HHH000490: Using JtaPlatform implementation: [org.hibernate.engine.transaction.jta.platform.internal.NoJtaPlatform]
2021-06-09 11:59:17,513 INFO org.springframework.orm.jpa.AbstractEntityManagerFactoryBean [restartedMain] Initialized JPA EntityManagerFactory for persistence unit 'default'
2021-06-09 11:59:17,740 WARN org.springframework.boot.autoconfigure.orm.jpa.JpaBaseConfiguration$JpaWebConfiguration [restartedMain] spring.jpa.open-in-view is enabled by default. Therefore, database queries may be performed during view rendering. Explicitly configure spring.jpa.open-in-view to disable this warning
2021-06-09 11:59:18,093 INFO org.springframework.boot.devtools.autoconfigure.OptionalLiveReloadServer [restartedMain] LiveReload server is running on port 35729
2021-06-09 11:59:18,130 INFO org.springframework.boot.web.embedded.tomcat.TomcatWebServer [restartedMain] Tomcat started on port(s): 8080 (http) with context path ''
2021-06-09 11:59:18,135 INFO org.springframework.boot.StartupInfoLogger [restartedMain] Started AppSecurity1Application in 2.094 seconds (JVM running for 1484.304)
2021-06-09 11:59:18,136 INFO org.springframework.boot.availability.ApplicationAvailabilityBean [restartedMain] Application availability state LivenessState changed to CORRECT
2021-06-09 11:59:18,137 INFO org.springframework.boot.devtools.autoconfigure.ConditionEvaluationDeltaLoggingListener [restartedMain] Condition evaluation unchanged
2021-06-09 11:59:18,138 INFO org.springframework.boot.availability.ApplicationAvailabilityBean [restartedMain] Application availability state ReadinessState changed to ACCEPTING_TRAFFIC
2021-06-09 11:59:28,294 INFO org.apache.juli.logging.DirectJDKLog [http-nio-8080-exec-2] Initializing Spring DispatcherServlet 'dispatcherServlet'
2021-06-09 11:59:28,295 INFO org.springframework.web.servlet.FrameworkServlet [http-nio-8080-exec-2] Initializing Servlet 'dispatcherServlet'
2021-06-09 11:59:28,297 INFO org.springframework.web.servlet.FrameworkServlet [http-nio-8080-exec-2] Completed initialization in 1 ms
2021-06-09 11:59:28,301 INFO com.security.appsecurity1.advice.LoggingAdvice [http-nio-8080-exec-2] Arguments of :: EmployeeController.getEmployeeByID :: [id]
2021-06-09 11:59:28,311 INFO com.security.appsecurity1.advice.LoggingAdvice [http-nio-8080-exec-2] Arguments of :: EmployeeServiceImpl.getEmployeeByID :: [id]
2021-06-09 11:59:28,320 INFO com.security.appsecurity1.advice.LoggingAdvice [http-nio-8080-exec-2] Arguments of :: CrudRepository.findById :: null
2021-06-09 11:59:28,328 INFO com.security.appsecurity1.advice.LoggingAdvice [http-nio-8080-exec-2] Execution time of CrudRepository.findById :: 7 ms
2021-06-09 11:59:28,329 INFO com.security.appsecurity1.advice.LoggingAdvice [http-nio-8080-exec-2] Execution time of EmployeeServiceImpl.getEmployeeByID :: 17 ms
2021-06-09 11:59:28,329 INFO com.security.appsecurity1.advice.LoggingAdvice [http-nio-8080-exec-2] Execution time of EmployeeController.getEmployeeByID :: 27 ms
2021-06-09 12:04:06,096 INFO org.springframework.boot.availability.ApplicationAvailabilityBean [Thread-29] Application availability state ReadinessState changed from ACCEPTING_TRAFFIC to REFUSING_TRAFFIC
2021-06-09 12:04:06,157 INFO org.springframework.orm.jpa.AbstractEntityManagerFactoryBean [Thread-29] Closing JPA EntityManagerFactory for persistence unit 'default'
2021-06-09 12:04:06,157 INFO com.zaxxer.hikari.HikariDataSource [Thread-29] HikariPool-6 - Shutdown initiated...
2021-06-09 12:04:06,174 INFO com.zaxxer.hikari.HikariDataSource [Thread-29] HikariPool-6 - Shutdown completed.
2021-06-09 12:04:06,365 INFO org.springframework.boot.StartupInfoLogger [restartedMain] Starting AppSecurity1Application using Java 15.0.1 on LAPTOP-54FPNG7V with PID 37472 (C:\Spring-Security\app-security1\target\classes started by amitk in C:\Spring-Security\app-security1)
2021-06-09 12:04:06,366 DEBUG org.springframework.boot.StartupInfoLogger [restartedMain] Running with Spring Boot v2.5.0, Spring v5.3.7
2021-06-09 12:04:06,367 INFO org.springframework.boot.SpringApplication [restartedMain] No active profile set, falling back to default profiles: default
2021-06-09 12:04:06,664 INFO org.springframework.data.repository.config.RepositoryConfigurationDelegate [restartedMain] Bootstrapping Spring Data JPA repositories in DEFAULT mode.
2021-06-09 12:04:06,695 INFO org.springframework.data.repository.config.RepositoryConfigurationDelegate [restartedMain] Finished Spring Data repository scanning in 23 ms. Found 2 JPA repository interfaces.
2021-06-09 12:04:06,852 INFO org.springframework.boot.web.embedded.tomcat.TomcatWebServer [restartedMain] Tomcat initialized with port(s): 8080 (http)
2021-06-09 12:04:06,854 INFO org.apache.juli.logging.DirectJDKLog [restartedMain] Starting service [Tomcat]
2021-06-09 12:04:06,855 INFO org.apache.juli.logging.DirectJDKLog [restartedMain] Starting Servlet engine: [Apache Tomcat/9.0.46]
2021-06-09 12:04:06,932 INFO org.apache.juli.logging.DirectJDKLog [restartedMain] Initializing Spring embedded WebApplicationContext
2021-06-09 12:04:06,933 INFO org.springframework.boot.web.servlet.context.ServletWebServerApplicationContext [restartedMain] Root WebApplicationContext: initialization completed in 562 ms
2021-06-09 12:04:07,031 INFO org.hibernate.jpa.internal.util.LogHelper [restartedMain] HHH000204: Processing PersistenceUnitInfo [name: default]
2021-06-09 12:04:07,041 INFO com.zaxxer.hikari.HikariDataSource [restartedMain] HikariPool-7 - Starting...
2021-06-09 12:04:07,112 INFO com.zaxxer.hikari.HikariDataSource [restartedMain] HikariPool-7 - Start completed.
2021-06-09 12:04:07,112 INFO org.hibernate.dialect.Dialect [restartedMain] HHH000400: Using dialect: org.hibernate.dialect.PostgreSQLDialect
2021-06-09 12:04:07,315 INFO org.hibernate.engine.transaction.jta.platform.internal.JtaPlatformInitiator [restartedMain] HHH000490: Using JtaPlatform implementation: [org.hibernate.engine.transaction.jta.platform.internal.NoJtaPlatform]
2021-06-09 12:04:07,316 INFO org.springframework.orm.jpa.AbstractEntityManagerFactoryBean [restartedMain] Initialized JPA EntityManagerFactory for persistence unit 'default'
2021-06-09 12:04:07,503 WARN org.springframework.boot.autoconfigure.orm.jpa.JpaBaseConfiguration$JpaWebConfiguration [restartedMain] spring.jpa.open-in-view is enabled by default. Therefore, database queries may be performed during view rendering. Explicitly configure spring.jpa.open-in-view to disable this warning
2021-06-09 12:04:07,842 INFO org.springframework.boot.devtools.autoconfigure.OptionalLiveReloadServer [restartedMain] LiveReload server is running on port 35729
2021-06-09 12:04:07,854 INFO org.springframework.boot.web.embedded.tomcat.TomcatWebServer [restartedMain] Tomcat started on port(s): 8080 (http) with context path ''
2021-06-09 12:04:07,887 INFO org.springframework.boot.StartupInfoLogger [restartedMain] Started AppSecurity1Application in 1.583 seconds (JVM running for 1774.057)
2021-06-09 12:04:07,888 INFO org.springframework.boot.availability.ApplicationAvailabilityBean [restartedMain] Application availability state LivenessState changed to CORRECT
2021-06-09 12:04:07,890 INFO org.springframework.boot.devtools.autoconfigure.ConditionEvaluationDeltaLoggingListener [restartedMain] Condition evaluation unchanged
2021-06-09 12:04:07,890 INFO org.springframework.boot.availability.ApplicationAvailabilityBean [restartedMain] Application availability state ReadinessState changed to ACCEPTING_TRAFFIC
2021-06-09 12:07:47,627 INFO org.springframework.boot.availability.ApplicationAvailabilityBean [Thread-38] Application availability state ReadinessState changed from ACCEPTING_TRAFFIC to REFUSING_TRAFFIC
2021-06-09 12:07:47,670 INFO org.springframework.orm.jpa.AbstractEntityManagerFactoryBean [Thread-38] Closing JPA EntityManagerFactory for persistence unit 'default'
2021-06-09 12:07:47,670 INFO com.zaxxer.hikari.HikariDataSource [Thread-38] HikariPool-7 - Shutdown initiated...
2021-06-09 12:07:47,686 INFO com.zaxxer.hikari.HikariDataSource [Thread-38] HikariPool-7 - Shutdown completed.
2021-06-09 12:07:47,807 INFO org.springframework.boot.StartupInfoLogger [restartedMain] Starting AppSecurity1Application using Java 15.0.1 on LAPTOP-54FPNG7V with PID 37472 (C:\Spring-Security\app-security1\target\classes started by amitk in C:\Spring-Security\app-security1)
2021-06-09 12:07:47,808 DEBUG org.springframework.boot.StartupInfoLogger [restartedMain] Running with Spring Boot v2.5.0, Spring v5.3.7
2021-06-09 12:07:47,809 INFO org.springframework.boot.SpringApplication [restartedMain] No active profile set, falling back to default profiles: default
2021-06-09 12:07:48,030 INFO org.springframework.data.repository.config.RepositoryConfigurationDelegate [restartedMain] Bootstrapping Spring Data JPA repositories in DEFAULT mode.
2021-06-09 12:07:48,053 INFO org.springframework.data.repository.config.RepositoryConfigurationDelegate [restartedMain] Finished Spring Data repository scanning in 21 ms. Found 2 JPA repository interfaces.
2021-06-09 12:07:48,169 INFO org.springframework.boot.web.embedded.tomcat.TomcatWebServer [restartedMain] Tomcat initialized with port(s): 8080 (http)
2021-06-09 12:07:48,170 INFO org.apache.juli.logging.DirectJDKLog [restartedMain] Starting service [Tomcat]
2021-06-09 12:07:48,171 INFO org.apache.juli.logging.DirectJDKLog [restartedMain] Starting Servlet engine: [Apache Tomcat/9.0.46]
2021-06-09 12:07:48,196 INFO org.apache.juli.logging.DirectJDKLog [restartedMain] Initializing Spring embedded WebApplicationContext
2021-06-09 12:07:48,197 INFO org.springframework.boot.web.servlet.context.ServletWebServerApplicationContext [restartedMain] Root WebApplicationContext: initialization completed in 385 ms
2021-06-09 12:07:48,241 INFO org.hibernate.jpa.internal.util.LogHelper [restartedMain] HHH000204: Processing PersistenceUnitInfo [name: default]
2021-06-09 12:07:48,246 INFO com.zaxxer.hikari.HikariDataSource [restartedMain] HikariPool-8 - Starting...
2021-06-09 12:07:48,447 INFO com.zaxxer.hikari.HikariDataSource [restartedMain] HikariPool-8 - Start completed.
2021-06-09 12:07:48,448 INFO org.hibernate.dialect.Dialect [restartedMain] HHH000400: Using dialect: org.hibernate.dialect.PostgreSQLDialect
2021-06-09 12:07:48,640 INFO org.hibernate.engine.transaction.jta.platform.internal.JtaPlatformInitiator [restartedMain] HHH000490: Using JtaPlatform implementation: [org.hibernate.engine.transaction.jta.platform.internal.NoJtaPlatform]
2021-06-09 12:07:48,641 INFO org.springframework.orm.jpa.AbstractEntityManagerFactoryBean [restartedMain] Initialized JPA EntityManagerFactory for persistence unit 'default'
2021-06-09 12:07:48,827 WARN org.springframework.boot.autoconfigure.orm.jpa.JpaBaseConfiguration$JpaWebConfiguration [restartedMain] spring.jpa.open-in-view is enabled by default. Therefore, database queries may be performed during view rendering. Explicitly configure spring.jpa.open-in-view to disable this warning
2021-06-09 12:07:49,106 INFO org.springframework.boot.devtools.autoconfigure.OptionalLiveReloadServer [restartedMain] LiveReload server is running on port 35729
2021-06-09 12:07:49,115 INFO org.springframework.boot.web.embedded.tomcat.TomcatWebServer [restartedMain] Tomcat started on port(s): 8080 (http) with context path ''
2021-06-09 12:07:49,120 INFO org.springframework.boot.StartupInfoLogger [restartedMain] Started AppSecurity1Application in 1.346 seconds (JVM running for 1995.289)
2021-06-09 12:07:49,121 INFO org.springframework.boot.availability.ApplicationAvailabilityBean [restartedMain] Application availability state LivenessState changed to CORRECT
2021-06-09 12:07:49,122 INFO org.springframework.boot.devtools.autoconfigure.ConditionEvaluationDeltaLoggingListener [restartedMain] Condition evaluation unchanged
2021-06-09 12:07:49,123 INFO org.springframework.boot.availability.ApplicationAvailabilityBean [restartedMain] Application availability state ReadinessState changed to ACCEPTING_TRAFFIC
2021-06-09 12:09:20,262 INFO org.apache.juli.logging.DirectJDKLog [http-nio-8080-exec-1] Initializing Spring DispatcherServlet 'dispatcherServlet'
2021-06-09 12:09:20,263 INFO org.springframework.web.servlet.FrameworkServlet [http-nio-8080-exec-1] Initializing Servlet 'dispatcherServlet'
2021-06-09 12:09:20,263 INFO org.springframework.web.servlet.FrameworkServlet [http-nio-8080-exec-1] Completed initialization in 0 ms
2021-06-09 12:09:31,950 INFO com.security.appsecurity1.advice.LoggingAdvice [http-nio-8080-exec-4] Arguments of :: EmployeeController.getEmployeeByID :: [id]
2021-06-09 12:09:31,962 INFO com.security.appsecurity1.advice.LoggingAdvice [http-nio-8080-exec-4] Arguments of :: EmployeeServiceImpl.getEmployeeByID :: [id]
2021-06-09 12:09:31,974 INFO com.security.appsecurity1.advice.LoggingAdvice [http-nio-8080-exec-4] Arguments of :: CrudRepository.findById :: null
2021-06-09 12:09:31,983 INFO com.security.appsecurity1.advice.LoggingAdvice [http-nio-8080-exec-4] Execution time of CrudRepository.findById :: 8 ms
2021-06-09 12:09:31,994 ERROR org.apache.juli.logging.DirectJDKLog [http-nio-8080-exec-4] Servlet.service() for servlet [dispatcherServlet] in context with path [] threw exception [Request processing failed; nested exception is java.lang.IllegalArgumentException: Employee Not Found For The Id 1] with root cause
java.lang.IllegalArgumentException: Employee Not Found For The Id 1
	at com.security.appsecurity1.service.EmployeeServiceImpl.lambda$1(EmployeeServiceImpl.java:52)
	at java.base/java.util.Optional.orElseThrow(Optional.java:401)
	at com.security.appsecurity1.service.EmployeeServiceImpl.getEmployeeByID(EmployeeServiceImpl.java:52)
	at com.security.appsecurity1.service.EmployeeServiceImpl$$FastClassBySpringCGLIB$$a322a4d1.invoke(<generated>)
	at org.springframework.cglib.proxy.MethodProxy.invoke(MethodProxy.java:218)
	at org.springframework.aop.framework.CglibAopProxy$CglibMethodInvocation.invokeJoinpoint(CglibAopProxy.java:779)
	at org.springframework.aop.framework.ReflectiveMethodInvocation.proceed(ReflectiveMethodInvocation.java:163)
	at org.springframework.aop.framework.CglibAopProxy$CglibMethodInvocation.proceed(CglibAopProxy.java:750)
	at org.springframework.aop.aspectj.MethodInvocationProceedingJoinPoint.proceed(MethodInvocationProceedingJoinPoint.java:89)
	at com.security.appsecurity1.advice.LoggingAdvice.profileAllMethods(LoggingAdvice.java:37)
	at java.base/jdk.internal.reflect.NativeMethodAccessorImpl.invoke0(Native Method)
	at java.base/jdk.internal.reflect.NativeMethodAccessorImpl.invoke(NativeMethodAccessorImpl.java:64)
	at java.base/jdk.internal.reflect.DelegatingMethodAccessorImpl.invoke(DelegatingMethodAccessorImpl.java:43)
	at java.base/java.lang.reflect.Method.invoke(Method.java:564)
	at org.springframework.aop.aspectj.AbstractAspectJAdvice.invokeAdviceMethodWithGivenArgs(AbstractAspectJAdvice.java:634)
	at org.springframework.aop.aspectj.AbstractAspectJAdvice.invokeAdviceMethod(AbstractAspectJAdvice.java:624)
	at org.springframework.aop.aspectj.AspectJAroundAdvice.invoke(AspectJAroundAdvice.java:72)
	at org.springframework.aop.framework.ReflectiveMethodInvocation.proceed(ReflectiveMethodInvocation.java:186)
	at org.springframework.aop.framework.CglibAopProxy$CglibMethodInvocation.proceed(CglibAopProxy.java:750)
	at org.springframework.aop.interceptor.ExposeInvocationInterceptor.invoke(ExposeInvocationInterceptor.java:97)
	at org.springframework.aop.framework.ReflectiveMethodInvocation.proceed(ReflectiveMethodInvocation.java:186)
	at org.springframework.aop.framework.CglibAopProxy$CglibMethodInvocation.proceed(CglibAopProxy.java:750)
	at org.springframework.aop.framework.CglibAopProxy$DynamicAdvisedInterceptor.intercept(CglibAopProxy.java:692)
	at com.security.appsecurity1.service.EmployeeServiceImpl$$EnhancerBySpringCGLIB$$c02523e5.getEmployeeByID(<generated>)
	at com.security.appsecurity1.controller.EmployeeController.getEmployeeByID(EmployeeController.java:41)
	at com.security.appsecurity1.controller.EmployeeController$$FastClassBySpringCGLIB$$b726869f.invoke(<generated>)
	at org.springframework.cglib.proxy.MethodProxy.invoke(MethodProxy.java:218)
	at org.springframework.aop.framework.CglibAopProxy$CglibMethodInvocation.invokeJoinpoint(CglibAopProxy.java:779)
	at org.springframework.aop.framework.ReflectiveMethodInvocation.proceed(ReflectiveMethodInvocation.java:163)
	at org.springframework.aop.framework.CglibAopProxy$CglibMethodInvocation.proceed(CglibAopProxy.java:750)
	at org.springframework.aop.aspectj.MethodInvocationProceedingJoinPoint.proceed(MethodInvocationProceedingJoinPoint.java:89)
	at com.security.appsecurity1.advice.LoggingAdvice.profileAllMethods(LoggingAdvice.java:37)
	at java.base/jdk.internal.reflect.NativeMethodAccessorImpl.invoke0(Native Method)
	at java.base/jdk.internal.reflect.NativeMethodAccessorImpl.invoke(NativeMethodAccessorImpl.java:64)
	at java.base/jdk.internal.reflect.DelegatingMethodAccessorImpl.invoke(DelegatingMethodAccessorImpl.java:43)
	at java.base/java.lang.reflect.Method.invoke(Method.java:564)
	at org.springframework.aop.aspectj.AbstractAspectJAdvice.invokeAdviceMethodWithGivenArgs(AbstractAspectJAdvice.java:634)
	at org.springframework.aop.aspectj.AbstractAspectJAdvice.invokeAdviceMethod(AbstractAspectJAdvice.java:624)
	at org.springframework.aop.aspectj.AspectJAroundAdvice.invoke(AspectJAroundAdvice.java:72)
	at org.springframework.aop.framework.ReflectiveMethodInvocation.proceed(ReflectiveMethodInvocation.java:186)
	at org.springframework.aop.framework.CglibAopProxy$CglibMethodInvocation.proceed(CglibAopProxy.java:750)
	at org.springframework.aop.interceptor.ExposeInvocationInterceptor.invoke(ExposeInvocationInterceptor.java:97)
	at org.springframework.aop.framework.ReflectiveMethodInvocation.proceed(ReflectiveMethodInvocation.java:186)
	at org.springframework.aop.framework.CglibAopProxy$CglibMethodInvocation.proceed(CglibAopProxy.java:750)
	at org.springframework.aop.framework.CglibAopProxy$DynamicAdvisedInterceptor.intercept(CglibAopProxy.java:692)
	at com.security.appsecurity1.controller.EmployeeController$$EnhancerBySpringCGLIB$$904d5a0f.getEmployeeByID(<generated>)
	at java.base/jdk.internal.reflect.NativeMethodAccessorImpl.invoke0(Native Method)
	at java.base/jdk.internal.reflect.NativeMethodAccessorImpl.invoke(NativeMethodAccessorImpl.java:64)
	at java.base/jdk.internal.reflect.DelegatingMethodAccessorImpl.invoke(DelegatingMethodAccessorImpl.java:43)
	at java.base/java.lang.reflect.Method.invoke(Method.java:564)
	at org.springframework.web.method.support.InvocableHandlerMethod.doInvoke(InvocableHandlerMethod.java:197)
	at org.springframework.web.method.support.InvocableHandlerMethod.invokeForRequest(InvocableHandlerMethod.java:141)
	at org.springframework.web.servlet.mvc.method.annotation.ServletInvocableHandlerMethod.invokeAndHandle(ServletInvocableHandlerMethod.java:106)
	at org.springframework.web.servlet.mvc.method.annotation.RequestMappingHandlerAdapter.invokeHandlerMethod(RequestMappingHandlerAdapter.java:894)
	at org.springframework.web.servlet.mvc.method.annotation.RequestMappingHandlerAdapter.handleInternal(RequestMappingHandlerAdapter.java:808)
	at org.springframework.web.servlet.mvc.method.AbstractHandlerMethodAdapter.handle(AbstractHandlerMethodAdapter.java:87)
	at org.springframework.web.servlet.DispatcherServlet.doDispatch(DispatcherServlet.java:1063)
	at org.springframework.web.servlet.DispatcherServlet.doService(DispatcherServlet.java:963)
	at org.springframework.web.servlet.FrameworkServlet.processRequest(FrameworkServlet.java:1006)
	at org.springframework.web.servlet.FrameworkServlet.doGet(FrameworkServlet.java:898)
	at javax.servlet.http.HttpServlet.service(HttpServlet.java:626)
	at org.springframework.web.servlet.FrameworkServlet.service(FrameworkServlet.java:883)
	at javax.servlet.http.HttpServlet.service(HttpServlet.java:733)
	at org.apache.catalina.core.ApplicationFilterChain.internalDoFilter(ApplicationFilterChain.java:227)
	at org.apache.catalina.core.ApplicationFilterChain.doFilter(ApplicationFilterChain.java:162)
	at org.apache.tomcat.websocket.server.WsFilter.doFilter(WsFilter.java:53)
	at org.apache.catalina.core.ApplicationFilterChain.internalDoFilter(ApplicationFilterChain.java:189)
	at org.apache.catalina.core.ApplicationFilterChain.doFilter(ApplicationFilterChain.java:162)
	at org.springframework.web.filter.RequestContextFilter.doFilterInternal(RequestContextFilter.java:100)
	at org.springframework.web.filter.OncePerRequestFilter.doFilter(OncePerRequestFilter.java:119)
	at org.apache.catalina.core.ApplicationFilterChain.internalDoFilter(ApplicationFilterChain.java:189)
	at org.apache.catalina.core.ApplicationFilterChain.doFilter(ApplicationFilterChain.java:162)
	at org.springframework.web.filter.FormContentFilter.doFilterInternal(FormContentFilter.java:93)
	at org.springframework.web.filter.OncePerRequestFilter.doFilter(OncePerRequestFilter.java:119)
	at org.apache.catalina.core.ApplicationFilterChain.internalDoFilter(ApplicationFilterChain.java:189)
	at org.apache.catalina.core.ApplicationFilterChain.doFilter(ApplicationFilterChain.java:162)
	at org.springframework.web.filter.CharacterEncodingFilter.doFilterInternal(CharacterEncodingFilter.java:201)
	at org.springframework.web.filter.OncePerRequestFilter.doFilter(OncePerRequestFilter.java:119)
	at org.apache.catalina.core.ApplicationFilterChain.internalDoFilter(ApplicationFilterChain.java:189)
	at org.apache.catalina.core.ApplicationFilterChain.doFilter(ApplicationFilterChain.java:162)
	at org.apache.catalina.core.StandardWrapperValve.invoke(StandardWrapperValve.java:202)
	at org.apache.catalina.core.StandardContextValve.invoke(StandardContextValve.java:97)
	at org.apache.catalina.authenticator.AuthenticatorBase.invoke(AuthenticatorBase.java:542)
	at org.apache.catalina.core.StandardHostValve.invoke(StandardHostValve.java:143)
	at org.apache.catalina.valves.ErrorReportValve.invoke(ErrorReportValve.java:92)
	at org.apache.catalina.core.StandardEngineValve.invoke(StandardEngineValve.java:78)
	at org.apache.catalina.connector.CoyoteAdapter.service(CoyoteAdapter.java:357)
	at org.apache.coyote.http11.Http11Processor.service(Http11Processor.java:374)
	at org.apache.coyote.AbstractProcessorLight.process(AbstractProcessorLight.java:65)
	at org.apache.coyote.AbstractProtocol$ConnectionHandler.process(AbstractProtocol.java:893)
	at org.apache.tomcat.util.net.NioEndpoint$SocketProcessor.doRun(NioEndpoint.java:1707)
	at org.apache.tomcat.util.net.SocketProcessorBase.run(SocketProcessorBase.java:49)
	at java.base/java.util.concurrent.ThreadPoolExecutor.runWorker(ThreadPoolExecutor.java:1130)
	at java.base/java.util.concurrent.ThreadPoolExecutor$Worker.run(ThreadPoolExecutor.java:630)
	at org.apache.tomcat.util.threads.TaskThread$WrappingRunnable.run(TaskThread.java:61)
	at java.base/java.lang.Thread.run(Thread.java:832)
2021-06-09 12:12:47,370 INFO com.security.appsecurity1.advice.LoggingAdvice [http-nio-8080-exec-5] Arguments of :: EmployeeController.getEmployeeByID :: [id]
2021-06-09 12:12:47,372 INFO com.security.appsecurity1.advice.LoggingAdvice [http-nio-8080-exec-5] Arguments of :: EmployeeServiceImpl.getEmployeeByID :: [id]
2021-06-09 12:12:47,372 INFO com.security.appsecurity1.advice.LoggingAdvice [http-nio-8080-exec-5] Arguments of :: CrudRepository.findById :: null
2021-06-09 12:12:47,374 INFO com.security.appsecurity1.advice.LoggingAdvice [http-nio-8080-exec-5] Execution time of CrudRepository.findById :: 2 ms
2021-06-09 12:12:47,375 INFO com.security.appsecurity1.advice.LoggingAdvice [http-nio-8080-exec-5] Execution time of EmployeeServiceImpl.getEmployeeByID :: 3 ms
2021-06-09 12:12:47,377 INFO com.security.appsecurity1.advice.LoggingAdvice [http-nio-8080-exec-5] Execution time of EmployeeController.getEmployeeByID :: 5 ms
2021-06-09 12:25:38,833 INFO org.springframework.boot.StartupInfoLogger [restartedMain] Starting AppSecurity1Application using Java 15.0.1 on LAPTOP-54FPNG7V with PID 9632 (C:\Spring-Security\spring-poc-git-repo\spring-boot-poc\app-security1\target\classes started by amitk in C:\Spring-Security\spring-poc-git-repo\spring-boot-poc\app-security1)
2021-06-09 12:25:38,839 DEBUG org.springframework.boot.StartupInfoLogger [restartedMain] Running with Spring Boot v2.5.0, Spring v5.3.7
2021-06-09 12:25:38,839 INFO org.springframework.boot.SpringApplication [restartedMain] No active profile set, falling back to default profiles: default
2021-06-09 12:25:39,086 INFO org.springframework.boot.logging.DeferredLog [restartedMain] Devtools property defaults active! Set 'spring.devtools.add-properties' to 'false' to disable
2021-06-09 12:25:39,091 INFO org.springframework.boot.logging.DeferredLog [restartedMain] For additional web related logging consider setting the 'logging.level.web' property to 'DEBUG'
2021-06-09 12:25:41,340 INFO org.springframework.data.repository.config.RepositoryConfigurationDelegate [restartedMain] Bootstrapping Spring Data JPA repositories in DEFAULT mode.
2021-06-09 12:25:41,556 INFO org.springframework.data.repository.config.RepositoryConfigurationDelegate [restartedMain] Finished Spring Data repository scanning in 193 ms. Found 2 JPA repository interfaces.
2021-06-09 12:25:43,141 INFO org.springframework.boot.web.embedded.tomcat.TomcatWebServer [restartedMain] Tomcat initialized with port(s): 8081 (http)
2021-06-09 12:25:43,164 INFO org.apache.juli.logging.DirectJDKLog [restartedMain] Initializing ProtocolHandler ["http-nio-8081"]
2021-06-09 12:25:43,165 INFO org.apache.juli.logging.DirectJDKLog [restartedMain] Starting service [Tomcat]
2021-06-09 12:25:43,166 INFO org.apache.juli.logging.DirectJDKLog [restartedMain] Starting Servlet engine: [Apache Tomcat/9.0.46]
2021-06-09 12:25:43,341 INFO org.apache.juli.logging.DirectJDKLog [restartedMain] Initializing Spring embedded WebApplicationContext
2021-06-09 12:25:43,342 INFO org.springframework.boot.web.servlet.context.ServletWebServerApplicationContext [restartedMain] Root WebApplicationContext: initialization completed in 4244 ms
2021-06-09 12:25:43,811 INFO org.hibernate.jpa.internal.util.LogHelper [restartedMain] HHH000204: Processing PersistenceUnitInfo [name: default]
2021-06-09 12:25:43,920 INFO org.hibernate.Version [restartedMain] HHH000412: Hibernate ORM core version 5.4.31.Final
2021-06-09 12:25:44,218 INFO org.hibernate.annotations.common.reflection.java.JavaReflectionManager [restartedMain] HCANN000001: Hibernate Commons Annotations {5.1.2.Final}
2021-06-09 12:25:44,400 INFO com.zaxxer.hikari.HikariDataSource [restartedMain] HikariPool-1 - Starting...
2021-06-09 12:25:44,717 INFO com.zaxxer.hikari.HikariDataSource [restartedMain] HikariPool-1 - Start completed.
2021-06-09 12:25:44,746 INFO org.hibernate.dialect.Dialect [restartedMain] HHH000400: Using dialect: org.hibernate.dialect.PostgreSQLDialect
2021-06-09 12:25:45,827 INFO org.hibernate.engine.transaction.jta.platform.internal.JtaPlatformInitiator [restartedMain] HHH000490: Using JtaPlatform implementation: [org.hibernate.engine.transaction.jta.platform.internal.NoJtaPlatform]
2021-06-09 12:25:45,839 INFO org.springframework.orm.jpa.AbstractEntityManagerFactoryBean [restartedMain] Initialized JPA EntityManagerFactory for persistence unit 'default'
2021-06-09 12:25:46,615 WARN org.springframework.boot.autoconfigure.orm.jpa.JpaBaseConfiguration$JpaWebConfiguration [restartedMain] spring.jpa.open-in-view is enabled by default. Therefore, database queries may be performed during view rendering. Explicitly configure spring.jpa.open-in-view to disable this warning
2021-06-09 12:25:47,547 WARN org.springframework.boot.devtools.autoconfigure.OptionalLiveReloadServer [restartedMain] Unable to start LiveReload server
2021-06-09 12:25:47,572 INFO org.apache.juli.logging.DirectJDKLog [restartedMain] Starting ProtocolHandler ["http-nio-8081"]
2021-06-09 12:25:47,607 WARN org.springframework.context.support.AbstractApplicationContext [restartedMain] Exception encountered during context initialization - cancelling refresh attempt: org.springframework.context.ApplicationContextException: Failed to start bean 'webServerStartStop'; nested exception is org.springframework.boot.web.server.PortInUseException: Port 8081 is already in use
2021-06-09 12:25:47,610 INFO org.springframework.orm.jpa.AbstractEntityManagerFactoryBean [restartedMain] Closing JPA EntityManagerFactory for persistence unit 'default'
2021-06-09 12:25:47,615 INFO com.zaxxer.hikari.HikariDataSource [restartedMain] HikariPool-1 - Shutdown initiated...
2021-06-09 12:25:47,644 INFO com.zaxxer.hikari.HikariDataSource [restartedMain] HikariPool-1 - Shutdown completed.
2021-06-09 12:25:47,646 INFO org.apache.juli.logging.DirectJDKLog [restartedMain] Pausing ProtocolHandler ["http-nio-8081"]
2021-06-09 12:25:47,647 INFO org.apache.juli.logging.DirectJDKLog [restartedMain] Stopping service [Tomcat]
2021-06-09 12:25:47,656 INFO org.apache.juli.logging.DirectJDKLog [restartedMain] Stopping ProtocolHandler ["http-nio-8081"]
2021-06-09 12:25:47,657 INFO org.apache.juli.logging.DirectJDKLog [restartedMain] Destroying ProtocolHandler ["http-nio-8081"]
2021-06-09 12:25:47,672 INFO org.springframework.boot.autoconfigure.logging.ConditionEvaluationReportLoggingListener [restartedMain] 

Error starting ApplicationContext. To display the conditions report re-run your application with 'debug' enabled.
2021-06-09 12:25:47,739 ERROR org.springframework.boot.diagnostics.LoggingFailureAnalysisReporter [restartedMain] 

***************************
APPLICATION FAILED TO START
***************************

Description:

Web server failed to start. Port 8081 was already in use.

Action:

Identify and stop the process that's listening on port 8081 or configure this application to listen on another port.

2021-06-09 12:26:06,368 INFO org.springframework.boot.StartupInfoLogger [restartedMain] Starting AppSecurity1Application using Java 15.0.1 on LAPTOP-54FPNG7V with PID 6048 (C:\Spring-Security\spring-poc-git-repo\spring-boot-poc\app-security1\target\classes started by amitk in C:\Spring-Security\spring-poc-git-repo\spring-boot-poc\app-security1)
2021-06-09 12:26:06,371 DEBUG org.springframework.boot.StartupInfoLogger [restartedMain] Running with Spring Boot v2.5.0, Spring v5.3.7
2021-06-09 12:26:06,371 INFO org.springframework.boot.SpringApplication [restartedMain] No active profile set, falling back to default profiles: default
2021-06-09 12:26:06,442 INFO org.springframework.boot.logging.DeferredLog [restartedMain] Devtools property defaults active! Set 'spring.devtools.add-properties' to 'false' to disable
2021-06-09 12:26:06,457 INFO org.springframework.boot.logging.DeferredLog [restartedMain] For additional web related logging consider setting the 'logging.level.web' property to 'DEBUG'
2021-06-09 12:26:07,659 INFO org.springframework.data.repository.config.RepositoryConfigurationDelegate [restartedMain] Bootstrapping Spring Data JPA repositories in DEFAULT mode.
2021-06-09 12:26:07,782 INFO org.springframework.data.repository.config.RepositoryConfigurationDelegate [restartedMain] Finished Spring Data repository scanning in 105 ms. Found 2 JPA repository interfaces.
2021-06-09 12:26:08,936 INFO org.springframework.boot.web.embedded.tomcat.TomcatWebServer [restartedMain] Tomcat initialized with port(s): 8083 (http)
2021-06-09 12:26:08,954 INFO org.apache.juli.logging.DirectJDKLog [restartedMain] Initializing ProtocolHandler ["http-nio-8083"]
2021-06-09 12:26:08,955 INFO org.apache.juli.logging.DirectJDKLog [restartedMain] Starting service [Tomcat]
2021-06-09 12:26:08,956 INFO org.apache.juli.logging.DirectJDKLog [restartedMain] Starting Servlet engine: [Apache Tomcat/9.0.46]
2021-06-09 12:26:09,102 INFO org.apache.juli.logging.DirectJDKLog [restartedMain] Initializing Spring embedded WebApplicationContext
2021-06-09 12:26:09,104 INFO org.springframework.boot.web.servlet.context.ServletWebServerApplicationContext [restartedMain] Root WebApplicationContext: initialization completed in 2637 ms
2021-06-09 12:26:09,674 INFO org.hibernate.jpa.internal.util.LogHelper [restartedMain] HHH000204: Processing PersistenceUnitInfo [name: default]
2021-06-09 12:26:09,737 INFO org.hibernate.Version [restartedMain] HHH000412: Hibernate ORM core version 5.4.31.Final
2021-06-09 12:26:09,916 INFO org.hibernate.annotations.common.reflection.java.JavaReflectionManager [restartedMain] HCANN000001: Hibernate Commons Annotations {5.1.2.Final}
2021-06-09 12:26:10,062 INFO com.zaxxer.hikari.HikariDataSource [restartedMain] HikariPool-1 - Starting...
2021-06-09 12:26:10,323 INFO com.zaxxer.hikari.HikariDataSource [restartedMain] HikariPool-1 - Start completed.
2021-06-09 12:26:10,346 INFO org.hibernate.dialect.Dialect [restartedMain] HHH000400: Using dialect: org.hibernate.dialect.PostgreSQLDialect
2021-06-09 12:26:11,359 INFO org.hibernate.engine.transaction.jta.platform.internal.JtaPlatformInitiator [restartedMain] HHH000490: Using JtaPlatform implementation: [org.hibernate.engine.transaction.jta.platform.internal.NoJtaPlatform]
2021-06-09 12:26:11,374 INFO org.springframework.orm.jpa.AbstractEntityManagerFactoryBean [restartedMain] Initialized JPA EntityManagerFactory for persistence unit 'default'
2021-06-09 12:26:12,170 WARN org.springframework.boot.autoconfigure.orm.jpa.JpaBaseConfiguration$JpaWebConfiguration [restartedMain] spring.jpa.open-in-view is enabled by default. Therefore, database queries may be performed during view rendering. Explicitly configure spring.jpa.open-in-view to disable this warning
2021-06-09 12:26:12,994 WARN org.springframework.boot.devtools.autoconfigure.OptionalLiveReloadServer [restartedMain] Unable to start LiveReload server
2021-06-09 12:26:13,013 INFO org.apache.juli.logging.DirectJDKLog [restartedMain] Starting ProtocolHandler ["http-nio-8083"]
2021-06-09 12:26:13,051 INFO org.springframework.boot.web.embedded.tomcat.TomcatWebServer [restartedMain] Tomcat started on port(s): 8083 (http) with context path ''
2021-06-09 12:26:13,063 INFO org.springframework.boot.StartupInfoLogger [restartedMain] Started AppSecurity1Application in 7.298 seconds (JVM running for 8.057)
2021-06-09 12:26:13,065 INFO org.springframework.boot.availability.ApplicationAvailabilityBean [restartedMain] Application availability state LivenessState changed to CORRECT
2021-06-09 12:26:13,069 INFO org.springframework.boot.availability.ApplicationAvailabilityBean [restartedMain] Application availability state ReadinessState changed to ACCEPTING_TRAFFIC
2021-06-09 12:26:22,740 INFO org.apache.juli.logging.DirectJDKLog [http-nio-8083-exec-1] Initializing Spring DispatcherServlet 'dispatcherServlet'
2021-06-09 12:26:22,741 INFO org.springframework.web.servlet.FrameworkServlet [http-nio-8083-exec-1] Initializing Servlet 'dispatcherServlet'
2021-06-09 12:26:22,743 INFO org.springframework.web.servlet.FrameworkServlet [http-nio-8083-exec-1] Completed initialization in 2 ms
2021-06-09 12:26:22,892 INFO com.security.appsecurity1.advice.LoggingAdvice [http-nio-8083-exec-1] Arguments of :: EmployeeController.getEmployeeByID :: [id]
2021-06-09 12:26:22,934 INFO com.security.appsecurity1.advice.LoggingAdvice [http-nio-8083-exec-1] Arguments of :: EmployeeServiceImpl.getEmployeeByID :: [id]
2021-06-09 12:26:22,958 INFO com.security.appsecurity1.advice.LoggingAdvice [http-nio-8083-exec-1] Arguments of :: CrudRepository.findById :: null
2021-06-09 12:26:23,123 INFO com.security.appsecurity1.advice.LoggingAdvice [http-nio-8083-exec-1] Execution time of CrudRepository.findById :: 162 ms
2021-06-09 12:26:23,132 INFO com.security.appsecurity1.advice.LoggingAdvice [http-nio-8083-exec-1] Execution time of EmployeeServiceImpl.getEmployeeByID :: 197 ms
2021-06-09 12:26:23,133 INFO com.security.appsecurity1.advice.LoggingAdvice [http-nio-8083-exec-1] Execution time of EmployeeController.getEmployeeByID :: 238 ms
2021-06-09 12:49:11,256 INFO org.springframework.boot.StartupInfoLogger [restartedMain] Starting AppSecurity1Application using Java 15.0.1 on LAPTOP-54FPNG7V with PID 15352 (C:\Spring-Security\spring-poc-git-repo\spring-boot-poc\app-security1\target\classes started by amitk in C:\Spring-Security\spring-poc-git-repo\spring-boot-poc\app-security1)
2021-06-09 12:49:11,259 DEBUG org.springframework.boot.StartupInfoLogger [restartedMain] Running with Spring Boot v2.5.0, Spring v5.3.7
2021-06-09 12:49:11,259 INFO org.springframework.boot.SpringApplication [restartedMain] No active profile set, falling back to default profiles: default
2021-06-09 12:49:11,329 INFO org.springframework.boot.logging.DeferredLog [restartedMain] Devtools property defaults active! Set 'spring.devtools.add-properties' to 'false' to disable
2021-06-09 12:49:11,330 INFO org.springframework.boot.logging.DeferredLog [restartedMain] For additional web related logging consider setting the 'logging.level.web' property to 'DEBUG'
2021-06-09 12:49:12,390 INFO org.springframework.data.repository.config.RepositoryConfigurationDelegate [restartedMain] Bootstrapping Spring Data JPA repositories in DEFAULT mode.
2021-06-09 12:49:12,485 INFO org.springframework.data.repository.config.RepositoryConfigurationDelegate [restartedMain] Finished Spring Data repository scanning in 78 ms. Found 2 JPA repository interfaces.
2021-06-09 12:49:13,751 INFO org.springframework.boot.web.embedded.tomcat.TomcatWebServer [restartedMain] Tomcat initialized with port(s): 8083 (http)
2021-06-09 12:49:13,768 INFO org.apache.juli.logging.DirectJDKLog [restartedMain] Initializing ProtocolHandler ["http-nio-8083"]
2021-06-09 12:49:13,769 INFO org.apache.juli.logging.DirectJDKLog [restartedMain] Starting service [Tomcat]
2021-06-09 12:49:13,770 INFO org.apache.juli.logging.DirectJDKLog [restartedMain] Starting Servlet engine: [Apache Tomcat/9.0.46]
2021-06-09 12:49:13,914 INFO org.apache.juli.logging.DirectJDKLog [restartedMain] Initializing Spring embedded WebApplicationContext
2021-06-09 12:49:13,914 INFO org.springframework.boot.web.servlet.context.ServletWebServerApplicationContext [restartedMain] Root WebApplicationContext: initialization completed in 2583 ms
2021-06-09 12:49:14,257 INFO org.hibernate.jpa.internal.util.LogHelper [restartedMain] HHH000204: Processing PersistenceUnitInfo [name: default]
2021-06-09 12:49:14,361 INFO org.hibernate.Version [restartedMain] HHH000412: Hibernate ORM core version 5.4.31.Final
2021-06-09 12:49:14,586 INFO org.hibernate.annotations.common.reflection.java.JavaReflectionManager [restartedMain] HCANN000001: Hibernate Commons Annotations {5.1.2.Final}
2021-06-09 12:49:14,733 INFO com.zaxxer.hikari.HikariDataSource [restartedMain] HikariPool-1 - Starting...
2021-06-09 12:49:15,025 INFO com.zaxxer.hikari.HikariDataSource [restartedMain] HikariPool-1 - Start completed.
2021-06-09 12:49:15,052 INFO org.hibernate.dialect.Dialect [restartedMain] HHH000400: Using dialect: org.hibernate.dialect.PostgreSQLDialect
2021-06-09 12:49:16,156 INFO org.hibernate.engine.transaction.jta.platform.internal.JtaPlatformInitiator [restartedMain] HHH000490: Using JtaPlatform implementation: [org.hibernate.engine.transaction.jta.platform.internal.NoJtaPlatform]
2021-06-09 12:49:16,169 INFO org.springframework.orm.jpa.AbstractEntityManagerFactoryBean [restartedMain] Initialized JPA EntityManagerFactory for persistence unit 'default'
2021-06-09 12:49:16,855 WARN org.springframework.boot.autoconfigure.orm.jpa.JpaBaseConfiguration$JpaWebConfiguration [restartedMain] spring.jpa.open-in-view is enabled by default. Therefore, database queries may be performed during view rendering. Explicitly configure spring.jpa.open-in-view to disable this warning
2021-06-09 12:49:17,664 INFO org.springframework.boot.devtools.autoconfigure.OptionalLiveReloadServer [restartedMain] LiveReload server is running on port 35729
2021-06-09 12:49:17,679 INFO org.apache.juli.logging.DirectJDKLog [restartedMain] Starting ProtocolHandler ["http-nio-8083"]
2021-06-09 12:49:17,711 INFO org.springframework.boot.web.embedded.tomcat.TomcatWebServer [restartedMain] Tomcat started on port(s): 8083 (http) with context path ''
2021-06-09 12:49:17,729 INFO org.springframework.boot.StartupInfoLogger [restartedMain] Started AppSecurity1Application in 7.071 seconds (JVM running for 7.774)
2021-06-09 12:49:17,734 INFO org.springframework.boot.availability.ApplicationAvailabilityBean [restartedMain] Application availability state LivenessState changed to CORRECT
2021-06-09 12:49:17,740 INFO org.springframework.boot.availability.ApplicationAvailabilityBean [restartedMain] Application availability state ReadinessState changed to ACCEPTING_TRAFFIC
2021-06-09 12:49:29,056 INFO org.apache.juli.logging.DirectJDKLog [http-nio-8083-exec-1] Initializing Spring DispatcherServlet 'dispatcherServlet'
2021-06-09 12:49:29,058 INFO org.springframework.web.servlet.FrameworkServlet [http-nio-8083-exec-1] Initializing Servlet 'dispatcherServlet'
2021-06-09 12:49:29,062 INFO org.springframework.web.servlet.FrameworkServlet [http-nio-8083-exec-1] Completed initialization in 3 ms
2021-06-09 12:49:29,158 INFO com.security.appsecurity1.advice.LoggingAdvice [http-nio-8083-exec-1] Arguments of :: EmployeeController.getEmployeeByID :: [id]
2021-06-09 12:49:29,193 INFO com.security.appsecurity1.advice.LoggingAdvice [http-nio-8083-exec-1] Arguments of :: EmployeeServiceImpl.getEmployeeByID :: [id]
2021-06-09 12:49:29,215 INFO com.security.appsecurity1.advice.LoggingAdvice [http-nio-8083-exec-1] Arguments of :: CrudRepository.findById :: null
2021-06-09 12:49:29,392 INFO com.security.appsecurity1.advice.LoggingAdvice [http-nio-8083-exec-1] Execution time of CrudRepository.findById :: 175 ms
2021-06-09 12:49:29,399 INFO com.security.appsecurity1.advice.LoggingAdvice [http-nio-8083-exec-1] Execution time of EmployeeServiceImpl.getEmployeeByID :: 205 ms
2021-06-09 12:49:29,400 INFO com.security.appsecurity1.advice.LoggingAdvice [http-nio-8083-exec-1] Execution time of EmployeeController.getEmployeeByID :: 239 ms
2021-06-09 18:26:48,714 INFO org.springframework.boot.StartupInfoLogger [restartedMain] Starting AppSecurity1Application using Java 15.0.1 on LAPTOP-54FPNG7V with PID 33852 (C:\Spring-Security\spring-poc-git-repo\spring-boot-poc\app-security1\target\classes started by amitk in C:\Spring-Security\spring-poc-git-repo\spring-boot-poc\app-security1)
2021-06-09 18:26:48,718 DEBUG org.springframework.boot.StartupInfoLogger [restartedMain] Running with Spring Boot v2.5.0, Spring v5.3.7
2021-06-09 18:26:48,719 INFO org.springframework.boot.SpringApplication [restartedMain] No active profile set, falling back to default profiles: default
2021-06-09 18:26:48,866 INFO org.springframework.boot.logging.DeferredLog [restartedMain] Devtools property defaults active! Set 'spring.devtools.add-properties' to 'false' to disable
2021-06-09 18:26:48,867 INFO org.springframework.boot.logging.DeferredLog [restartedMain] For additional web related logging consider setting the 'logging.level.web' property to 'DEBUG'
2021-06-09 18:26:50,063 INFO org.springframework.data.repository.config.RepositoryConfigurationDelegate [restartedMain] Bootstrapping Spring Data JPA repositories in DEFAULT mode.
2021-06-09 18:26:50,155 INFO org.springframework.data.repository.config.RepositoryConfigurationDelegate [restartedMain] Finished Spring Data repository scanning in 79 ms. Found 2 JPA repository interfaces.
2021-06-09 18:26:51,483 INFO org.springframework.boot.web.embedded.tomcat.TomcatWebServer [restartedMain] Tomcat initialized with port(s): 8083 (http)
2021-06-09 18:26:51,502 INFO org.apache.juli.logging.DirectJDKLog [restartedMain] Initializing ProtocolHandler ["http-nio-8083"]
2021-06-09 18:26:51,504 INFO org.apache.juli.logging.DirectJDKLog [restartedMain] Starting service [Tomcat]
2021-06-09 18:26:51,511 INFO org.apache.juli.logging.DirectJDKLog [restartedMain] Starting Servlet engine: [Apache Tomcat/9.0.46]
2021-06-09 18:26:51,702 INFO org.apache.juli.logging.DirectJDKLog [restartedMain] Initializing Spring embedded WebApplicationContext
2021-06-09 18:26:51,702 INFO org.springframework.boot.web.servlet.context.ServletWebServerApplicationContext [restartedMain] Root WebApplicationContext: initialization completed in 2834 ms
2021-06-09 18:26:52,198 INFO org.hibernate.jpa.internal.util.LogHelper [restartedMain] HHH000204: Processing PersistenceUnitInfo [name: default]
2021-06-09 18:26:52,301 INFO org.hibernate.Version [restartedMain] HHH000412: Hibernate ORM core version 5.4.31.Final
2021-06-09 18:26:52,524 INFO org.hibernate.annotations.common.reflection.java.JavaReflectionManager [restartedMain] HCANN000001: Hibernate Commons Annotations {5.1.2.Final}
2021-06-09 18:26:52,691 INFO com.zaxxer.hikari.HikariDataSource [restartedMain] HikariPool-1 - Starting...
2021-06-09 18:26:52,967 INFO com.zaxxer.hikari.HikariDataSource [restartedMain] HikariPool-1 - Start completed.
2021-06-09 18:26:52,995 INFO org.hibernate.dialect.Dialect [restartedMain] HHH000400: Using dialect: org.hibernate.dialect.PostgreSQLDialect
2021-06-09 18:26:54,189 INFO org.hibernate.engine.transaction.jta.platform.internal.JtaPlatformInitiator [restartedMain] HHH000490: Using JtaPlatform implementation: [org.hibernate.engine.transaction.jta.platform.internal.NoJtaPlatform]
2021-06-09 18:26:54,198 INFO org.springframework.orm.jpa.AbstractEntityManagerFactoryBean [restartedMain] Initialized JPA EntityManagerFactory for persistence unit 'default'
2021-06-09 18:26:54,974 WARN org.springframework.boot.autoconfigure.orm.jpa.JpaBaseConfiguration$JpaWebConfiguration [restartedMain] spring.jpa.open-in-view is enabled by default. Therefore, database queries may be performed during view rendering. Explicitly configure spring.jpa.open-in-view to disable this warning
2021-06-09 18:26:55,804 INFO org.springframework.boot.devtools.autoconfigure.OptionalLiveReloadServer [restartedMain] LiveReload server is running on port 35729
2021-06-09 18:26:55,833 INFO org.apache.juli.logging.DirectJDKLog [restartedMain] Starting ProtocolHandler ["http-nio-8083"]
2021-06-09 18:26:55,884 INFO org.springframework.boot.web.embedded.tomcat.TomcatWebServer [restartedMain] Tomcat started on port(s): 8083 (http) with context path ''
2021-06-09 18:26:55,900 INFO org.springframework.boot.StartupInfoLogger [restartedMain] Started AppSecurity1Application in 7.848 seconds (JVM running for 8.709)
2021-06-09 18:26:55,901 INFO org.springframework.boot.availability.ApplicationAvailabilityBean [restartedMain] Application availability state LivenessState changed to CORRECT
2021-06-09 18:26:55,904 INFO org.springframework.boot.availability.ApplicationAvailabilityBean [restartedMain] Application availability state ReadinessState changed to ACCEPTING_TRAFFIC
2021-06-09 18:32:41,154 INFO org.springframework.boot.availability.ApplicationAvailabilityBean [Thread-6] Application availability state ReadinessState changed from ACCEPTING_TRAFFIC to REFUSING_TRAFFIC
2021-06-09 18:32:41,190 INFO org.springframework.orm.jpa.AbstractEntityManagerFactoryBean [Thread-6] Closing JPA EntityManagerFactory for persistence unit 'default'
2021-06-09 18:32:41,196 INFO com.zaxxer.hikari.HikariDataSource [Thread-6] HikariPool-1 - Shutdown initiated...
2021-06-09 18:32:41,237 INFO com.zaxxer.hikari.HikariDataSource [Thread-6] HikariPool-1 - Shutdown completed.
2021-06-09 18:32:41,538 INFO org.springframework.boot.StartupInfoLogger [restartedMain] Starting AppSecurity1Application using Java 15.0.1 on LAPTOP-54FPNG7V with PID 33852 (C:\Spring-Security\spring-poc-git-repo\spring-boot-poc\app-security1\target\classes started by amitk in C:\Spring-Security\spring-poc-git-repo\spring-boot-poc\app-security1)
2021-06-09 18:32:41,540 DEBUG org.springframework.boot.StartupInfoLogger [restartedMain] Running with Spring Boot v2.5.0, Spring v5.3.7
2021-06-09 18:32:41,540 INFO org.springframework.boot.SpringApplication [restartedMain] No active profile set, falling back to default profiles: default
2021-06-09 18:32:41,932 INFO org.springframework.data.repository.config.RepositoryConfigurationDelegate [restartedMain] Bootstrapping Spring Data JPA repositories in DEFAULT mode.
2021-06-09 18:32:41,960 INFO org.springframework.data.repository.config.RepositoryConfigurationDelegate [restartedMain] Finished Spring Data repository scanning in 26 ms. Found 2 JPA repository interfaces.
2021-06-09 18:32:42,264 INFO org.springframework.boot.web.embedded.tomcat.TomcatWebServer [restartedMain] Tomcat initialized with port(s): 8083 (http)
2021-06-09 18:32:42,266 INFO org.apache.juli.logging.DirectJDKLog [restartedMain] Initializing ProtocolHandler ["http-nio-8083"]
2021-06-09 18:32:42,266 INFO org.apache.juli.logging.DirectJDKLog [restartedMain] Starting service [Tomcat]
2021-06-09 18:32:42,266 INFO org.apache.juli.logging.DirectJDKLog [restartedMain] Starting Servlet engine: [Apache Tomcat/9.0.46]
2021-06-09 18:32:42,298 INFO org.apache.juli.logging.DirectJDKLog [restartedMain] Initializing Spring embedded WebApplicationContext
2021-06-09 18:32:42,298 INFO org.springframework.boot.web.servlet.context.ServletWebServerApplicationContext [restartedMain] Root WebApplicationContext: initialization completed in 740 ms
2021-06-09 18:32:42,365 INFO org.hibernate.jpa.internal.util.LogHelper [restartedMain] HHH000204: Processing PersistenceUnitInfo [name: default]
2021-06-09 18:32:42,377 INFO com.zaxxer.hikari.HikariDataSource [restartedMain] HikariPool-2 - Starting...
2021-06-09 18:32:42,459 INFO com.zaxxer.hikari.HikariDataSource [restartedMain] HikariPool-2 - Start completed.
2021-06-09 18:32:42,460 INFO org.hibernate.dialect.Dialect [restartedMain] HHH000400: Using dialect: org.hibernate.dialect.PostgreSQLDialect
2021-06-09 18:32:42,796 INFO org.hibernate.engine.transaction.jta.platform.internal.JtaPlatformInitiator [restartedMain] HHH000490: Using JtaPlatform implementation: [org.hibernate.engine.transaction.jta.platform.internal.NoJtaPlatform]
2021-06-09 18:32:42,797 INFO org.springframework.orm.jpa.AbstractEntityManagerFactoryBean [restartedMain] Initialized JPA EntityManagerFactory for persistence unit 'default'
2021-06-09 18:32:43,206 INFO com.security.appsecurity1.advice.LoggingAdvice [restartedMain] Arguments of :: AppContextConfig.restTemplate :: []
2021-06-09 18:32:43,270 INFO com.security.appsecurity1.advice.LoggingAdvice [restartedMain] Execution time of AppContextConfig.restTemplate :: 62 ms
2021-06-09 18:32:43,393 WARN org.springframework.boot.autoconfigure.orm.jpa.JpaBaseConfiguration$JpaWebConfiguration [restartedMain] spring.jpa.open-in-view is enabled by default. Therefore, database queries may be performed during view rendering. Explicitly configure spring.jpa.open-in-view to disable this warning
2021-06-09 18:32:43,949 INFO org.springframework.boot.devtools.autoconfigure.OptionalLiveReloadServer [restartedMain] LiveReload server is running on port 35729
2021-06-09 18:32:43,972 INFO org.apache.juli.logging.DirectJDKLog [restartedMain] Starting ProtocolHandler ["http-nio-8083"]
2021-06-09 18:32:43,978 INFO org.springframework.boot.web.embedded.tomcat.TomcatWebServer [restartedMain] Tomcat started on port(s): 8083 (http) with context path ''
2021-06-09 18:32:43,986 INFO org.springframework.boot.StartupInfoLogger [restartedMain] Started AppSecurity1Application in 2.639 seconds (JVM running for 356.796)
2021-06-09 18:32:43,988 INFO org.springframework.boot.availability.ApplicationAvailabilityBean [restartedMain] Application availability state LivenessState changed to CORRECT
2021-06-09 18:32:43,990 INFO org.springframework.boot.devtools.autoconfigure.ConditionEvaluationDeltaLoggingListener [restartedMain] Condition evaluation unchanged
2021-06-09 18:32:43,991 INFO org.springframework.boot.availability.ApplicationAvailabilityBean [restartedMain] Application availability state ReadinessState changed to ACCEPTING_TRAFFIC
2021-06-09 18:36:29,220 INFO org.springframework.boot.availability.ApplicationAvailabilityBean [Thread-9] Application availability state ReadinessState changed from ACCEPTING_TRAFFIC to REFUSING_TRAFFIC
2021-06-09 18:36:29,248 INFO org.springframework.orm.jpa.AbstractEntityManagerFactoryBean [Thread-9] Closing JPA EntityManagerFactory for persistence unit 'default'
2021-06-09 18:36:29,249 INFO com.zaxxer.hikari.HikariDataSource [Thread-9] HikariPool-2 - Shutdown initiated...
2021-06-09 18:36:29,255 INFO com.zaxxer.hikari.HikariDataSource [Thread-9] HikariPool-2 - Shutdown completed.
2021-06-09 18:36:29,415 INFO org.springframework.boot.StartupInfoLogger [restartedMain] Starting AppSecurity1Application using Java 15.0.1 on LAPTOP-54FPNG7V with PID 33852 (C:\Spring-Security\spring-poc-git-repo\spring-boot-poc\app-security1\target\classes started by amitk in C:\Spring-Security\spring-poc-git-repo\spring-boot-poc\app-security1)
2021-06-09 18:36:29,419 DEBUG org.springframework.boot.StartupInfoLogger [restartedMain] Running with Spring Boot v2.5.0, Spring v5.3.7
2021-06-09 18:36:29,420 INFO org.springframework.boot.SpringApplication [restartedMain] No active profile set, falling back to default profiles: default
2021-06-09 18:36:29,900 INFO org.springframework.data.repository.config.RepositoryConfigurationDelegate [restartedMain] Bootstrapping Spring Data JPA repositories in DEFAULT mode.
2021-06-09 18:36:29,937 INFO org.springframework.data.repository.config.RepositoryConfigurationDelegate [restartedMain] Finished Spring Data repository scanning in 36 ms. Found 2 JPA repository interfaces.
2021-06-09 18:36:30,189 INFO org.springframework.boot.web.embedded.tomcat.TomcatWebServer [restartedMain] Tomcat initialized with port(s): 8083 (http)
2021-06-09 18:36:30,190 INFO org.apache.juli.logging.DirectJDKLog [restartedMain] Initializing ProtocolHandler ["http-nio-8083"]
2021-06-09 18:36:30,191 INFO org.apache.juli.logging.DirectJDKLog [restartedMain] Starting service [Tomcat]
2021-06-09 18:36:30,192 INFO org.apache.juli.logging.DirectJDKLog [restartedMain] Starting Servlet engine: [Apache Tomcat/9.0.46]
2021-06-09 18:36:30,234 INFO org.apache.juli.logging.DirectJDKLog [restartedMain] Initializing Spring embedded WebApplicationContext
2021-06-09 18:36:30,238 INFO org.springframework.boot.web.servlet.context.ServletWebServerApplicationContext [restartedMain] Root WebApplicationContext: initialization completed in 806 ms
2021-06-09 18:36:30,328 INFO org.hibernate.jpa.internal.util.LogHelper [restartedMain] HHH000204: Processing PersistenceUnitInfo [name: default]
2021-06-09 18:36:30,337 INFO com.zaxxer.hikari.HikariDataSource [restartedMain] HikariPool-3 - Starting...
2021-06-09 18:36:30,396 INFO com.zaxxer.hikari.HikariDataSource [restartedMain] HikariPool-3 - Start completed.
2021-06-09 18:36:30,397 INFO org.hibernate.dialect.Dialect [restartedMain] HHH000400: Using dialect: org.hibernate.dialect.PostgreSQLDialect
2021-06-09 18:36:30,714 INFO org.hibernate.engine.transaction.jta.platform.internal.JtaPlatformInitiator [restartedMain] HHH000490: Using JtaPlatform implementation: [org.hibernate.engine.transaction.jta.platform.internal.NoJtaPlatform]
2021-06-09 18:36:30,715 INFO org.springframework.orm.jpa.AbstractEntityManagerFactoryBean [restartedMain] Initialized JPA EntityManagerFactory for persistence unit 'default'
2021-06-09 18:36:30,930 INFO com.security.appsecurity1.advice.LoggingAdvice [restartedMain] Arguments of :: AppContextConfig.restTemplate :: []
2021-06-09 18:36:30,953 INFO com.security.appsecurity1.advice.LoggingAdvice [restartedMain] Execution time of AppContextConfig.restTemplate :: 18 ms
2021-06-09 18:36:31,081 WARN org.springframework.boot.autoconfigure.orm.jpa.JpaBaseConfiguration$JpaWebConfiguration [restartedMain] spring.jpa.open-in-view is enabled by default. Therefore, database queries may be performed during view rendering. Explicitly configure spring.jpa.open-in-view to disable this warning
2021-06-09 18:36:31,556 INFO org.springframework.boot.devtools.autoconfigure.OptionalLiveReloadServer [restartedMain] LiveReload server is running on port 35729
2021-06-09 18:36:31,564 INFO org.apache.juli.logging.DirectJDKLog [restartedMain] Starting ProtocolHandler ["http-nio-8083"]
2021-06-09 18:36:31,568 INFO org.springframework.boot.web.embedded.tomcat.TomcatWebServer [restartedMain] Tomcat started on port(s): 8083 (http) with context path ''
2021-06-09 18:36:31,572 INFO org.springframework.boot.StartupInfoLogger [restartedMain] Started AppSecurity1Application in 2.258 seconds (JVM running for 584.383)
2021-06-09 18:36:31,573 INFO org.springframework.boot.availability.ApplicationAvailabilityBean [restartedMain] Application availability state LivenessState changed to CORRECT
2021-06-09 18:36:31,575 INFO org.springframework.boot.devtools.autoconfigure.ConditionEvaluationDeltaLoggingListener [restartedMain] Condition evaluation unchanged
2021-06-09 18:36:31,575 INFO org.springframework.boot.availability.ApplicationAvailabilityBean [restartedMain] Application availability state ReadinessState changed to ACCEPTING_TRAFFIC
2021-06-09 19:12:17,106 WARN com.zaxxer.hikari.pool.HikariPool$HouseKeeper [HikariPool-3 housekeeper] HikariPool-3 - Thread starvation or clock leap detected (housekeeper delta=13m16s201ms70s100ns).
